<?xml version="1.0" encoding="UTF-8"?>
<coverage generated="1544065047929" clover="3.2.0">
  <project timestamp="1544065047929" name="All files">
    <metrics statements="259" coveredstatements="259" conditionals="262" coveredconditionals="262" methods="38" coveredmethods="38" elements="559" coveredelements="559" complexity="0" loc="259" ncloc="259" packages="1" files="3" classes="3">
      <file name="ai.js" path="/Users/jinesh/Documents/University/Year III/SFWRENG 3XA3/3XA3-G02-Othello/src/scripts/ai.js">
        <metrics statements="72" coveredstatements="72" conditionals="66" coveredconditionals="66" methods="11" coveredmethods="11"/>
        <line num="5" count="1" type="stmt"/>
        <line num="21" count="15" type="stmt"/>
        <line num="30" count="3" type="cond" truecount="2" falsecount="0"/>
        <line num="31" count="1" type="stmt"/>
        <line num="32" count="2" type="cond" truecount="2" falsecount="0"/>
        <line num="33" count="1" type="stmt"/>
        <line num="35" count="1" type="stmt"/>
        <line num="45" count="3" type="cond" truecount="2" falsecount="0"/>
        <line num="46" count="1" type="stmt"/>
        <line num="48" count="2" type="stmt"/>
        <line num="57" count="8" type="stmt"/>
        <line num="58" count="8" type="stmt"/>
        <line num="59" count="8" type="stmt"/>
        <line num="61" count="8" type="stmt"/>
        <line num="62" count="32" type="stmt"/>
        <line num="64" count="8" type="stmt"/>
        <line num="65" count="8" type="stmt"/>
        <line num="67" count="8" type="cond" truecount="2" falsecount="0"/>
        <line num="68" count="1" type="stmt"/>
        <line num="70" count="7" type="stmt"/>
        <line num="71" count="32" type="stmt"/>
        <line num="72" count="32" type="stmt"/>
        <line num="74" count="32" type="stmt"/>
        <line num="76" count="32" type="stmt"/>
        <line num="77" count="32" type="stmt"/>
        <line num="80" count="7" type="cond" truecount="2" falsecount="0"/>
        <line num="81" count="1" type="stmt"/>
        <line num="82" count="6" type="cond" truecount="2" falsecount="0"/>
        <line num="83" count="1" type="stmt"/>
        <line num="84" count="5" type="cond" truecount="2" falsecount="0"/>
        <line num="85" count="3" type="stmt"/>
        <line num="86" count="2" type="cond" truecount="2" falsecount="0"/>
        <line num="87" count="1" type="stmt"/>
        <line num="89" count="1" type="stmt"/>
        <line num="98" count="7" type="stmt"/>
        <line num="99" count="7" type="stmt"/>
        <line num="100" count="7" type="stmt"/>
        <line num="101" count="7" type="stmt"/>
        <line num="109" count="5" type="stmt"/>
        <line num="117" count="1" type="stmt"/>
        <line num="124" count="3670" type="stmt"/>
        <line num="127" count="3670" type="cond" truecount="4" falsecount="0"/>
        <line num="128" count="2888" type="stmt"/>
        <line num="131" count="782" type="stmt"/>
        <line num="133" count="782" type="cond" truecount="2" falsecount="0"/>
        <line num="135" count="782" type="stmt"/>
        <line num="136" count="3663" type="stmt"/>
        <line num="137" count="3663" type="stmt"/>
        <line num="138" count="3663" type="stmt"/>
        <line num="139" count="3663" type="stmt"/>
        <line num="140" count="3663" type="stmt"/>
        <line num="142" count="3663" type="cond" truecount="2" falsecount="0"/>
        <line num="144" count="3663" type="stmt"/>
        <line num="146" count="3663" type="stmt"/>
        <line num="148" count="3663" type="cond" truecount="4" falsecount="0"/>
        <line num="149" count="267" type="stmt"/>
        <line num="151" count="267" type="cond" truecount="2" falsecount="0"/>
        <line num="152" count="12" type="stmt"/>
        <line num="153" count="3396" type="cond" truecount="4" falsecount="0"/>
        <line num="154" count="1257" type="stmt"/>
        <line num="158" count="782" type="stmt"/>
        <line num="162" count="3695" type="cond" truecount="6" falsecount="0"/>
        <line num="163" count="31" type="stmt"/>
        <line num="164" count="3664" type="cond" truecount="6" falsecount="0"/>
        <line num="165" count="1634" type="stmt"/>
        <line num="166" count="2030" type="cond" truecount="10" falsecount="0"/>
        <line num="167" count="599" type="stmt"/>
        <line num="168" count="1431" type="cond" truecount="10" falsecount="0"/>
        <line num="169" count="1032" type="stmt"/>
        <line num="171" count="399" type="stmt"/>
        <line num="176" count="3727" type="stmt"/>
        <line num="180" count="3727" type="stmt"/>
      </file>
      <file name="board.js" path="/Users/jinesh/Documents/University/Year III/SFWRENG 3XA3/3XA3-G02-Othello/src/scripts/board.js">
        <metrics statements="175" coveredstatements="175" conditionals="192" coveredconditionals="192" methods="19" coveredmethods="19"/>
        <line num="14" count="3704" type="cond" truecount="4" falsecount="0"/>
        <line num="15" count="2" type="stmt"/>
        <line num="16" count="3702" type="cond" truecount="4" falsecount="0"/>
        <line num="17" count="1" type="stmt"/>
        <line num="18" count="3701" type="cond" truecount="2" falsecount="0"/>
        <line num="19" count="3672" type="stmt"/>
        <line num="20" count="234806" type="cond" truecount="2" falsecount="0"/>
        <line num="21" count="1" type="stmt"/>
        <line num="26" count="3700" type="stmt"/>
        <line num="32" count="3700" type="stmt"/>
        <line num="34" count="3700" type="cond" truecount="2" falsecount="0"/>
        <line num="35" count="3671" type="stmt"/>
        <line num="37" count="3700" type="cond" truecount="2" falsecount="0"/>
        <line num="38" count="29" type="stmt"/>
        <line num="40" count="29" type="stmt"/>
        <line num="41" count="29" type="stmt"/>
        <line num="43" count="29" type="stmt"/>
        <line num="44" count="29" type="stmt"/>
        <line num="45" count="29" type="stmt"/>
        <line num="46" count="29" type="stmt"/>
        <line num="49" count="3700" type="stmt"/>
        <line num="56" count="14739" type="stmt"/>
        <line num="66" count="6075784" type="cond" truecount="4" falsecount="0"/>
        <line num="79" count="2612980" type="cond" truecount="2" falsecount="0"/>
        <line num="80" count="2" type="stmt"/>
        <line num="81" count="2612978" type="cond" truecount="2" falsecount="0"/>
        <line num="82" count="1" type="stmt"/>
        <line num="84" count="2612977" type="stmt"/>
        <line num="97" count="239612" type="cond" truecount="2" falsecount="0"/>
        <line num="98" count="1" type="stmt"/>
        <line num="99" count="239611" type="cond" truecount="2" falsecount="0"/>
        <line num="100" count="1" type="stmt"/>
        <line num="103" count="239610" type="stmt"/>
        <line num="106" count="239610" type="cond" truecount="2" falsecount="0"/>
        <line num="107" count="52798" type="stmt"/>
        <line num="110" count="186812" type="cond" truecount="2" falsecount="0"/>
        <line num="113" count="186812" type="stmt"/>
        <line num="114" count="186812" type="stmt"/>
        <line num="115" count="186812" type="stmt"/>
        <line num="116" count="186812" type="stmt"/>
        <line num="117" count="186812" type="stmt"/>
        <line num="118" count="186812" type="stmt"/>
        <line num="119" count="186812" type="stmt"/>
        <line num="120" count="186812" type="stmt"/>
        <line num="123" count="186812" type="stmt"/>
        <line num="124" count="186812" type="stmt"/>
        <line num="125" count="186812" type="stmt"/>
        <line num="126" count="186812" type="stmt"/>
        <line num="127" count="186812" type="stmt"/>
        <line num="128" count="186812" type="stmt"/>
        <line num="129" count="186812" type="stmt"/>
        <line num="130" count="186812" type="stmt"/>
        <line num="131" count="186812" type="stmt"/>
        <line num="132" count="186812" type="stmt"/>
        <line num="133" count="186812" type="stmt"/>
        <line num="134" count="186812" type="stmt"/>
        <line num="137" count="186812" type="cond" truecount="2" falsecount="0"/>
        <line num="138" count="186812" type="cond" truecount="2" falsecount="0"/>
        <line num="139" count="186812" type="cond" truecount="2" falsecount="0"/>
        <line num="140" count="186812" type="cond" truecount="2" falsecount="0"/>
        <line num="141" count="186812" type="cond" truecount="2" falsecount="0"/>
        <line num="142" count="186812" type="cond" truecount="2" falsecount="0"/>
        <line num="143" count="186812" type="cond" truecount="2" falsecount="0"/>
        <line num="144" count="186812" type="cond" truecount="2" falsecount="0"/>
        <line num="146" count="186812" type="stmt"/>
        <line num="149" count="186812" type="cond" truecount="5" falsecount="0"/>
        <line num="150" count="186812" type="cond" truecount="5" falsecount="0"/>
        <line num="151" count="186812" type="cond" truecount="5" falsecount="0"/>
        <line num="152" count="186812" type="cond" truecount="5" falsecount="0"/>
        <line num="153" count="186812" type="cond" truecount="5" falsecount="0"/>
        <line num="154" count="186812" type="cond" truecount="5" falsecount="0"/>
        <line num="155" count="186812" type="cond" truecount="5" falsecount="0"/>
        <line num="156" count="186812" type="cond" truecount="5" falsecount="0"/>
        <line num="159" count="186812" type="stmt"/>
        <line num="172" count="3678" type="cond" truecount="2" falsecount="0"/>
        <line num="173" count="1" type="stmt"/>
        <line num="174" count="3677" type="cond" truecount="2" falsecount="0"/>
        <line num="175" count="1" type="stmt"/>
        <line num="176" count="3676" type="cond" truecount="2" falsecount="0"/>
        <line num="177" count="4" type="stmt"/>
        <line num="180" count="3672" type="cond" truecount="2" falsecount="0"/>
        <line num="182" count="3672" type="stmt"/>
        <line num="185" count="3672" type="stmt"/>
        <line num="186" count="3672" type="stmt"/>
        <line num="187" count="3672" type="stmt"/>
        <line num="188" count="3672" type="stmt"/>
        <line num="189" count="3672" type="stmt"/>
        <line num="190" count="3672" type="stmt"/>
        <line num="191" count="3672" type="stmt"/>
        <line num="192" count="3672" type="stmt"/>
        <line num="195" count="3672" type="stmt"/>
        <line num="196" count="3672" type="stmt"/>
        <line num="197" count="3672" type="stmt"/>
        <line num="198" count="3672" type="stmt"/>
        <line num="199" count="3672" type="stmt"/>
        <line num="200" count="3672" type="stmt"/>
        <line num="201" count="3672" type="stmt"/>
        <line num="202" count="3672" type="stmt"/>
        <line num="203" count="3672" type="stmt"/>
        <line num="204" count="3672" type="stmt"/>
        <line num="205" count="3672" type="stmt"/>
        <line num="206" count="3672" type="stmt"/>
        <line num="209" count="3672" type="cond" truecount="2" falsecount="0"/>
        <line num="210" count="3672" type="cond" truecount="2" falsecount="0"/>
        <line num="211" count="3672" type="cond" truecount="2" falsecount="0"/>
        <line num="212" count="3672" type="cond" truecount="2" falsecount="0"/>
        <line num="213" count="3672" type="cond" truecount="2" falsecount="0"/>
        <line num="214" count="3672" type="cond" truecount="2" falsecount="0"/>
        <line num="215" count="3672" type="cond" truecount="2" falsecount="0"/>
        <line num="216" count="3672" type="cond" truecount="2" falsecount="0"/>
        <line num="219" count="3672" type="cond" truecount="5" falsecount="0"/>
        <line num="220" count="947" type="cond" truecount="2" falsecount="0"/>
        <line num="221" count="1183" type="stmt"/>
        <line num="225" count="3672" type="cond" truecount="5" falsecount="0"/>
        <line num="226" count="282" type="cond" truecount="2" falsecount="0"/>
        <line num="227" count="292" type="stmt"/>
        <line num="231" count="3672" type="cond" truecount="5" falsecount="0"/>
        <line num="232" count="644" type="cond" truecount="2" falsecount="0"/>
        <line num="233" count="980" type="stmt"/>
        <line num="237" count="3672" type="cond" truecount="5" falsecount="0"/>
        <line num="238" count="465" type="cond" truecount="2" falsecount="0"/>
        <line num="239" count="664" type="stmt"/>
        <line num="243" count="3672" type="cond" truecount="5" falsecount="0"/>
        <line num="244" count="396" type="cond" truecount="2" falsecount="0"/>
        <line num="245" count="428" type="stmt"/>
        <line num="249" count="3672" type="cond" truecount="5" falsecount="0"/>
        <line num="250" count="820" type="cond" truecount="2" falsecount="0"/>
        <line num="251" count="959" type="stmt"/>
        <line num="255" count="3672" type="cond" truecount="5" falsecount="0"/>
        <line num="256" count="447" type="cond" truecount="2" falsecount="0"/>
        <line num="257" count="464" type="stmt"/>
        <line num="261" count="3672" type="cond" truecount="5" falsecount="0"/>
        <line num="262" count="160" type="cond" truecount="2" falsecount="0"/>
        <line num="263" count="162" type="stmt"/>
        <line num="268" count="3672" type="stmt"/>
        <line num="281" count="8813" type="cond" truecount="2" falsecount="0"/>
        <line num="282" count="1" type="stmt"/>
        <line num="283" count="8812" type="cond" truecount="2" falsecount="0"/>
        <line num="284" count="1" type="stmt"/>
        <line num="286" count="8811" type="stmt"/>
        <line num="288" count="8811" type="cond" truecount="2" falsecount="0"/>
        <line num="289" count="2" type="stmt"/>
        <line num="300" count="6" type="cond" truecount="2" falsecount="0"/>
        <line num="301" count="1" type="stmt"/>
        <line num="303" count="5" type="stmt"/>
        <line num="313" count="2893" type="cond" truecount="2" falsecount="0"/>
        <line num="314" count="1" type="stmt"/>
        <line num="316" count="2892" type="stmt"/>
        <line num="318" count="2892" type="stmt"/>
        <line num="319" count="185088" type="cond" truecount="2" falsecount="0"/>
        <line num="320" count="18880" type="stmt"/>
        <line num="322" count="2892" type="stmt"/>
        <line num="332" count="16" type="cond" truecount="2" falsecount="0"/>
        <line num="333" count="1" type="stmt"/>
        <line num="335" count="15" type="stmt"/>
        <line num="336" count="897" type="cond" truecount="2" falsecount="0"/>
        <line num="337" count="1" type="stmt"/>
        <line num="339" count="14" type="stmt"/>
        <line num="342" count="14" type="stmt"/>
        <line num="350" count="3667" type="stmt"/>
        <line num="360" count="3690" type="cond" truecount="2" falsecount="0"/>
        <line num="361" count="2" type="stmt"/>
        <line num="363" count="3688" type="stmt"/>
        <line num="365" count="3688" type="stmt"/>
        <line num="366" count="29492" type="stmt"/>
        <line num="367" count="235888" type="cond" truecount="2" falsecount="0"/>
        <line num="368" count="20201" type="stmt"/>
        <line num="370" count="3688" type="stmt"/>
        <line num="378" count="4" type="stmt"/>
        <line num="385" count="3690" type="stmt"/>
        <line num="386" count="3" type="stmt"/>
        <line num="394" count="1" type="stmt"/>
        <line num="399" count="2881720" type="stmt"/>
        <line num="403" count="2857493" type="cond" truecount="2" falsecount="0"/>
        <line num="407" count="3107364" type="cond" truecount="2" falsecount="0"/>
      </file>
      <file name="history.js" path="/Users/jinesh/Documents/University/Year III/SFWRENG 3XA3/3XA3-G02-Othello/src/scripts/history.js">
        <metrics statements="12" coveredstatements="12" conditionals="4" coveredconditionals="4" methods="8" coveredmethods="8"/>
        <line num="11" count="10" type="cond" truecount="2" falsecount="0"/>
        <line num="15" count="9" type="stmt"/>
        <line num="17" count="1" type="stmt"/>
        <line num="25" count="9" type="stmt"/>
        <line num="34" count="6" type="cond" truecount="2" falsecount="0"/>
        <line num="35" count="1" type="stmt"/>
        <line num="37" count="5" type="stmt"/>
        <line num="44" count="1" type="stmt"/>
        <line num="52" count="21" type="stmt"/>
        <line num="60" count="1" type="stmt"/>
        <line num="68" count="1" type="stmt"/>
        <line num="76" count="9" type="stmt"/>
      </file>
    </metrics>
  </project>
</coverage>
