{"/Users/jinesh/Documents/University/Year III/SFWRENG 3XA3/3XA3-G02-Othello/src/scripts/ai.js": {"path":"/Users/jinesh/Documents/University/Year III/SFWRENG 3XA3/3XA3-G02-Othello/src/scripts/ai.js","statementMap":{"0":{"start":{"line":5,"column":15},"end":{"line":5,"column":16}},"1":{"start":{"line":21,"column":8},"end":{"line":21,"column":37}},"2":{"start":{"line":30,"column":8},"end":{"line":31,"column":66}},"3":{"start":{"line":31,"column":12},"end":{"line":31,"column":66}},"4":{"start":{"line":32,"column":8},"end":{"line":33,"column":47}},"5":{"start":{"line":33,"column":12},"end":{"line":33,"column":47}},"6":{"start":{"line":35,"column":8},"end":{"line":35,"column":41}},"7":{"start":{"line":45,"column":8},"end":{"line":46,"column":28}},"8":{"start":{"line":46,"column":12},"end":{"line":46,"column":28}},"9":{"start":{"line":48,"column":8},"end":{"line":48,"column":65}},"10":{"start":{"line":57,"column":20},"end":{"line":57,"column":45}},"11":{"start":{"line":58,"column":19},"end":{"line":58,"column":39}},"12":{"start":{"line":59,"column":21},"end":{"line":59,"column":23}},"13":{"start":{"line":61,"column":8},"end":{"line":62,"column":108}},"14":{"start":{"line":62,"column":12},"end":{"line":62,"column":108}},"15":{"start":{"line":64,"column":22},"end":{"line":64,"column":42}},"16":{"start":{"line":65,"column":27},"end":{"line":65,"column":47}},"17":{"start":{"line":67,"column":8},"end":{"line":68,"column":24}},"18":{"start":{"line":68,"column":12},"end":{"line":68,"column":24}},"19":{"start":{"line":70,"column":8},"end":{"line":78,"column":9}},"20":{"start":{"line":71,"column":20},"end":{"line":71,"column":42}},"21":{"start":{"line":72,"column":20},"end":{"line":72,"column":42}},"22":{"start":{"line":74,"column":20},"end":{"line":74,"column":43}},"23":{"start":{"line":76,"column":12},"end":{"line":76,"column":42}},"24":{"start":{"line":77,"column":12},"end":{"line":77,"column":48}},"25":{"start":{"line":80,"column":8},"end":{"line":89,"column":87}},"26":{"start":{"line":81,"column":12},"end":{"line":81,"column":87}},"27":{"start":{"line":82,"column":13},"end":{"line":89,"column":87}},"28":{"start":{"line":83,"column":12},"end":{"line":83,"column":87}},"29":{"start":{"line":84,"column":13},"end":{"line":89,"column":87}},"30":{"start":{"line":85,"column":12},"end":{"line":85,"column":87}},"31":{"start":{"line":86,"column":13},"end":{"line":89,"column":87}},"32":{"start":{"line":87,"column":12},"end":{"line":87,"column":87}},"33":{"start":{"line":89,"column":12},"end":{"line":89,"column":87}},"34":{"start":{"line":98,"column":8},"end":{"line":98,"column":38}},"35":{"start":{"line":99,"column":16},"end":{"line":99,"column":59}},"36":{"start":{"line":100,"column":16},"end":{"line":100,"column":47}},"37":{"start":{"line":101,"column":8},"end":{"line":101,"column":24}},"38":{"start":{"line":109,"column":8},"end":{"line":109,"column":31}},"39":{"start":{"line":117,"column":8},"end":{"line":117,"column":37}},"40":{"start":{"line":124,"column":20},"end":{"line":124,"column":48}},"41":{"start":{"line":127,"column":8},"end":{"line":129,"column":9}},"42":{"start":{"line":128,"column":12},"end":{"line":128,"column":39}},"43":{"start":{"line":131,"column":16},"end":{"line":131,"column":39}},"44":{"start":{"line":133,"column":22},"end":{"line":133,"column":60}},"45":{"start":{"line":135,"column":8},"end":{"line":156,"column":9}},"46":{"start":{"line":136,"column":12},"end":{"line":136,"column":32}},"47":{"start":{"line":137,"column":12},"end":{"line":137,"column":73}},"48":{"start":{"line":138,"column":20},"end":{"line":138,"column":61}},"49":{"start":{"line":139,"column":20},"end":{"line":139,"column":61}},"50":{"start":{"line":140,"column":12},"end":{"line":140,"column":40}},"51":{"start":{"line":142,"column":12},"end":{"line":142,"column":91}},"52":{"start":{"line":144,"column":20},"end":{"line":144,"column":66}},"53":{"start":{"line":146,"column":12},"end":{"line":146,"column":33}},"54":{"start":{"line":148,"column":12},"end":{"line":155,"column":13}},"55":{"start":{"line":149,"column":16},"end":{"line":149,"column":31}},"56":{"start":{"line":151,"column":16},"end":{"line":152,"column":40}},"57":{"start":{"line":152,"column":20},"end":{"line":152,"column":40}},"58":{"start":{"line":153,"column":19},"end":{"line":155,"column":13}},"59":{"start":{"line":154,"column":16},"end":{"line":154,"column":31}},"60":{"start":{"line":158,"column":8},"end":{"line":158,"column":22}},"61":{"start":{"line":162,"column":8},"end":{"line":172,"column":9}},"62":{"start":{"line":163,"column":12},"end":{"line":163,"column":21}},"63":{"start":{"line":164,"column":15},"end":{"line":172,"column":9}},"64":{"start":{"line":165,"column":12},"end":{"line":165,"column":21}},"65":{"start":{"line":166,"column":15},"end":{"line":172,"column":9}},"66":{"start":{"line":167,"column":12},"end":{"line":167,"column":21}},"67":{"start":{"line":168,"column":15},"end":{"line":172,"column":9}},"68":{"start":{"line":169,"column":12},"end":{"line":169,"column":21}},"69":{"start":{"line":171,"column":12},"end":{"line":171,"column":21}},"70":{"start":{"line":176,"column":8},"end":{"line":176,"column":28}},"71":{"start":{"line":180,"column":8},"end":{"line":180,"column":40}}},"fnMap":{"0":{"name":"(anonymous_0)","decl":{"start":{"line":16,"column":4},"end":{"line":16,"column":5}},"loc":{"start":{"line":16,"column":28},"end":{"line":22,"column":5}},"line":16},"1":{"name":"(anonymous_1)","decl":{"start":{"line":29,"column":4},"end":{"line":29,"column":5}},"loc":{"start":{"line":29,"column":16},"end":{"line":36,"column":5}},"line":29},"2":{"name":"(anonymous_2)","decl":{"start":{"line":44,"column":4},"end":{"line":44,"column":5}},"loc":{"start":{"line":44,"column":26},"end":{"line":49,"column":5}},"line":44},"3":{"name":"(anonymous_3)","decl":{"start":{"line":56,"column":4},"end":{"line":56,"column":5}},"loc":{"start":{"line":56,"column":27},"end":{"line":90,"column":5}},"line":56},"4":{"name":"(anonymous_4)","decl":{"start":{"line":97,"column":4},"end":{"line":97,"column":5}},"loc":{"start":{"line":97,"column":25},"end":{"line":102,"column":5}},"line":97},"5":{"name":"(anonymous_5)","decl":{"start":{"line":108,"column":4},"end":{"line":108,"column":5}},"loc":{"start":{"line":108,"column":20},"end":{"line":110,"column":5}},"line":108},"6":{"name":"(anonymous_6)","decl":{"start":{"line":116,"column":4},"end":{"line":116,"column":5}},"loc":{"start":{"line":116,"column":30},"end":{"line":118,"column":5}},"line":116},"7":{"name":"(anonymous_7)","decl":{"start":{"line":122,"column":4},"end":{"line":122,"column":5}},"loc":{"start":{"line":122,"column":43},"end":{"line":159,"column":5}},"line":122},"8":{"name":"(anonymous_8)","decl":{"start":{"line":161,"column":4},"end":{"line":161,"column":5}},"loc":{"start":{"line":161,"column":23},"end":{"line":173,"column":5}},"line":161},"9":{"name":"(anonymous_9)","decl":{"start":{"line":175,"column":4},"end":{"line":175,"column":5}},"loc":{"start":{"line":175,"column":19},"end":{"line":177,"column":5}},"line":175},"10":{"name":"(anonymous_10)","decl":{"start":{"line":179,"column":4},"end":{"line":179,"column":5}},"loc":{"start":{"line":179,"column":19},"end":{"line":181,"column":5}},"line":179}},"branchMap":{"0":{"loc":{"start":{"line":30,"column":8},"end":{"line":31,"column":66}},"type":"if","locations":[{"start":{"line":30,"column":8},"end":{"line":31,"column":66}},{"start":{"line":30,"column":8},"end":{"line":31,"column":66}}],"line":30},"1":{"loc":{"start":{"line":32,"column":8},"end":{"line":33,"column":47}},"type":"if","locations":[{"start":{"line":32,"column":8},"end":{"line":33,"column":47}},{"start":{"line":32,"column":8},"end":{"line":33,"column":47}}],"line":32},"2":{"loc":{"start":{"line":45,"column":8},"end":{"line":46,"column":28}},"type":"if","locations":[{"start":{"line":45,"column":8},"end":{"line":46,"column":28}},{"start":{"line":45,"column":8},"end":{"line":46,"column":28}}],"line":45},"3":{"loc":{"start":{"line":67,"column":8},"end":{"line":68,"column":24}},"type":"if","locations":[{"start":{"line":67,"column":8},"end":{"line":68,"column":24}},{"start":{"line":67,"column":8},"end":{"line":68,"column":24}}],"line":67},"4":{"loc":{"start":{"line":80,"column":8},"end":{"line":89,"column":87}},"type":"if","locations":[{"start":{"line":80,"column":8},"end":{"line":89,"column":87}},{"start":{"line":80,"column":8},"end":{"line":89,"column":87}}],"line":80},"5":{"loc":{"start":{"line":82,"column":13},"end":{"line":89,"column":87}},"type":"if","locations":[{"start":{"line":82,"column":13},"end":{"line":89,"column":87}},{"start":{"line":82,"column":13},"end":{"line":89,"column":87}}],"line":82},"6":{"loc":{"start":{"line":84,"column":13},"end":{"line":89,"column":87}},"type":"if","locations":[{"start":{"line":84,"column":13},"end":{"line":89,"column":87}},{"start":{"line":84,"column":13},"end":{"line":89,"column":87}}],"line":84},"7":{"loc":{"start":{"line":86,"column":13},"end":{"line":89,"column":87}},"type":"if","locations":[{"start":{"line":86,"column":13},"end":{"line":89,"column":87}},{"start":{"line":86,"column":13},"end":{"line":89,"column":87}}],"line":86},"8":{"loc":{"start":{"line":127,"column":8},"end":{"line":129,"column":9}},"type":"if","locations":[{"start":{"line":127,"column":8},"end":{"line":129,"column":9}},{"start":{"line":127,"column":8},"end":{"line":129,"column":9}}],"line":127},"9":{"loc":{"start":{"line":127,"column":12},"end":{"line":127,"column":51}},"type":"binary-expr","locations":[{"start":{"line":127,"column":12},"end":{"line":127,"column":29}},{"start":{"line":127,"column":33},"end":{"line":127,"column":51}}],"line":127},"10":{"loc":{"start":{"line":133,"column":22},"end":{"line":133,"column":60}},"type":"cond-expr","locations":[{"start":{"line":133,"column":39},"end":{"line":133,"column":49}},{"start":{"line":133,"column":52},"end":{"line":133,"column":60}}],"line":133},"11":{"loc":{"start":{"line":142,"column":63},"end":{"line":142,"column":89}},"type":"cond-expr","locations":[{"start":{"line":142,"column":80},"end":{"line":142,"column":83}},{"start":{"line":142,"column":86},"end":{"line":142,"column":89}}],"line":142},"12":{"loc":{"start":{"line":148,"column":12},"end":{"line":155,"column":13}},"type":"if","locations":[{"start":{"line":148,"column":12},"end":{"line":155,"column":13}},{"start":{"line":148,"column":12},"end":{"line":155,"column":13}}],"line":148},"13":{"loc":{"start":{"line":148,"column":16},"end":{"line":148,"column":48}},"type":"binary-expr","locations":[{"start":{"line":148,"column":16},"end":{"line":148,"column":30}},{"start":{"line":148,"column":34},"end":{"line":148,"column":48}}],"line":148},"14":{"loc":{"start":{"line":151,"column":16},"end":{"line":152,"column":40}},"type":"if","locations":[{"start":{"line":151,"column":16},"end":{"line":152,"column":40}},{"start":{"line":151,"column":16},"end":{"line":152,"column":40}}],"line":151},"15":{"loc":{"start":{"line":153,"column":19},"end":{"line":155,"column":13}},"type":"if","locations":[{"start":{"line":153,"column":19},"end":{"line":155,"column":13}},{"start":{"line":153,"column":19},"end":{"line":155,"column":13}}],"line":153},"16":{"loc":{"start":{"line":153,"column":23},"end":{"line":153,"column":55}},"type":"binary-expr","locations":[{"start":{"line":153,"column":23},"end":{"line":153,"column":37}},{"start":{"line":153,"column":41},"end":{"line":153,"column":55}}],"line":153},"17":{"loc":{"start":{"line":162,"column":8},"end":{"line":172,"column":9}},"type":"if","locations":[{"start":{"line":162,"column":8},"end":{"line":172,"column":9}},{"start":{"line":162,"column":8},"end":{"line":172,"column":9}}],"line":162},"18":{"loc":{"start":{"line":162,"column":12},"end":{"line":162,"column":70}},"type":"binary-expr","locations":[{"start":{"line":162,"column":13},"end":{"line":162,"column":20}},{"start":{"line":162,"column":24},"end":{"line":162,"column":38}},{"start":{"line":162,"column":44},"end":{"line":162,"column":51}},{"start":{"line":162,"column":55},"end":{"line":162,"column":69}}],"line":162},"19":{"loc":{"start":{"line":164,"column":15},"end":{"line":172,"column":9}},"type":"if","locations":[{"start":{"line":164,"column":15},"end":{"line":172,"column":9}},{"start":{"line":164,"column":15},"end":{"line":172,"column":9}}],"line":164},"20":{"loc":{"start":{"line":164,"column":19},"end":{"line":164,"column":67}},"type":"binary-expr","locations":[{"start":{"line":164,"column":19},"end":{"line":164,"column":25}},{"start":{"line":164,"column":29},"end":{"line":164,"column":35}},{"start":{"line":164,"column":39},"end":{"line":164,"column":51}},{"start":{"line":164,"column":55},"end":{"line":164,"column":67}}],"line":164},"21":{"loc":{"start":{"line":166,"column":15},"end":{"line":172,"column":9}},"type":"if","locations":[{"start":{"line":166,"column":15},"end":{"line":172,"column":9}},{"start":{"line":166,"column":15},"end":{"line":172,"column":9}}],"line":166},"22":{"loc":{"start":{"line":166,"column":19},"end":{"line":166,"column":133}},"type":"binary-expr","locations":[{"start":{"line":166,"column":21},"end":{"line":166,"column":28}},{"start":{"line":166,"column":32},"end":{"line":166,"column":46}},{"start":{"line":166,"column":51},"end":{"line":166,"column":57}},{"start":{"line":166,"column":61},"end":{"line":166,"column":73}},{"start":{"line":166,"column":80},"end":{"line":166,"column":87}},{"start":{"line":166,"column":91},"end":{"line":166,"column":105}},{"start":{"line":166,"column":110},"end":{"line":166,"column":116}},{"start":{"line":166,"column":120},"end":{"line":166,"column":132}}],"line":166},"23":{"loc":{"start":{"line":168,"column":15},"end":{"line":172,"column":9}},"type":"if","locations":[{"start":{"line":168,"column":15},"end":{"line":172,"column":9}},{"start":{"line":168,"column":15},"end":{"line":172,"column":9}}],"line":168},"24":{"loc":{"start":{"line":168,"column":19},"end":{"line":168,"column":133}},"type":"binary-expr","locations":[{"start":{"line":168,"column":21},"end":{"line":168,"column":28}},{"start":{"line":168,"column":32},"end":{"line":168,"column":46}},{"start":{"line":168,"column":51},"end":{"line":168,"column":57}},{"start":{"line":168,"column":61},"end":{"line":168,"column":73}},{"start":{"line":168,"column":80},"end":{"line":168,"column":87}},{"start":{"line":168,"column":91},"end":{"line":168,"column":105}},{"start":{"line":168,"column":110},"end":{"line":168,"column":116}},{"start":{"line":168,"column":120},"end":{"line":168,"column":132}}],"line":168}},"s":{"0":1,"1":15,"2":3,"3":1,"4":2,"5":1,"6":1,"7":3,"8":1,"9":2,"10":8,"11":8,"12":8,"13":8,"14":32,"15":8,"16":8,"17":8,"18":1,"19":7,"20":32,"21":32,"22":32,"23":32,"24":32,"25":7,"26":1,"27":6,"28":1,"29":5,"30":3,"31":2,"32":1,"33":1,"34":7,"35":7,"36":7,"37":7,"38":5,"39":1,"40":3670,"41":3670,"42":2888,"43":782,"44":782,"45":782,"46":3663,"47":3663,"48":3663,"49":3663,"50":3663,"51":3663,"52":3663,"53":3663,"54":3663,"55":267,"56":267,"57":12,"58":3396,"59":1257,"60":782,"61":3695,"62":31,"63":3664,"64":1634,"65":2030,"66":599,"67":1431,"68":1032,"69":399,"70":3727,"71":3727},"f":{"0":15,"1":3,"2":3,"3":8,"4":7,"5":5,"6":1,"7":3670,"8":3695,"9":3727,"10":3727},"b":{"0":[1,2],"1":[1,1],"2":[1,2],"3":[1,7],"4":[1,6],"5":[1,5],"6":[3,2],"7":[1,1],"8":[2888,782],"9":[3670,789],"10":[131,651],"11":[658,3005],"12":[267,3396],"13":[3663,658],"14":[12,255],"15":[1257,2139],"16":[3396,3005],"17":[31,3664],"18":[3695,3278,421,421],"19":[1634,2030],"20":[3664,2770,2083,1996],"21":[599,1431],"22":[2030,1644,390,390,1650,1132,548,268],"23":[1032,399],"24":[1431,923,650,307,1170,717,841,788]},"_coverageSchema":"332fd63041d2c1bcb487cc26dd0d5f7d97098a6c","hash":"162c4aaa8bbd7aa7988ff8769d5f90e99f777405"}
,"/Users/jinesh/Documents/University/Year III/SFWRENG 3XA3/3XA3-G02-Othello/src/scripts/board.js": {"path":"/Users/jinesh/Documents/University/Year III/SFWRENG 3XA3/3XA3-G02-Othello/src/scripts/board.js","statementMap":{"0":{"start":{"line":14,"column":8},"end":{"line":15,"column":37}},"1":{"start":{"line":15,"column":12},"end":{"line":15,"column":37}},"2":{"start":{"line":16,"column":8},"end":{"line":17,"column":37}},"3":{"start":{"line":17,"column":12},"end":{"line":17,"column":37}},"4":{"start":{"line":18,"column":8},"end":{"line":21,"column":45}},"5":{"start":{"line":19,"column":12},"end":{"line":21,"column":45}},"6":{"start":{"line":20,"column":16},"end":{"line":21,"column":45}},"7":{"start":{"line":21,"column":20},"end":{"line":21,"column":45}},"8":{"start":{"line":26,"column":8},"end":{"line":26,"column":25}},"9":{"start":{"line":32,"column":8},"end":{"line":32,"column":24}},"10":{"start":{"line":34,"column":8},"end":{"line":35,"column":59}},"11":{"start":{"line":35,"column":12},"end":{"line":35,"column":59}},"12":{"start":{"line":37,"column":8},"end":{"line":47,"column":9}},"13":{"start":{"line":38,"column":12},"end":{"line":38,"column":50}},"14":{"start":{"line":40,"column":21},"end":{"line":40,"column":33}},"15":{"start":{"line":41,"column":21},"end":{"line":41,"column":29}},"16":{"start":{"line":43,"column":12},"end":{"line":43,"column":49}},"17":{"start":{"line":44,"column":12},"end":{"line":44,"column":49}},"18":{"start":{"line":45,"column":12},"end":{"line":45,"column":49}},"19":{"start":{"line":46,"column":12},"end":{"line":46,"column":49}},"20":{"start":{"line":49,"column":8},"end":{"line":49,"column":28}},"21":{"start":{"line":56,"column":8},"end":{"line":56,"column":25}},"22":{"start":{"line":66,"column":8},"end":{"line":66,"column":66}},"23":{"start":{"line":79,"column":8},"end":{"line":80,"column":40}},"24":{"start":{"line":80,"column":12},"end":{"line":80,"column":40}},"25":{"start":{"line":81,"column":8},"end":{"line":82,"column":37}},"26":{"start":{"line":82,"column":12},"end":{"line":82,"column":37}},"27":{"start":{"line":84,"column":8},"end":{"line":84,"column":50}},"28":{"start":{"line":97,"column":8},"end":{"line":98,"column":40}},"29":{"start":{"line":98,"column":12},"end":{"line":98,"column":40}},"30":{"start":{"line":99,"column":8},"end":{"line":100,"column":34}},"31":{"start":{"line":100,"column":12},"end":{"line":100,"column":34}},"32":{"start":{"line":103,"column":18},"end":{"line":103,"column":34}},"33":{"start":{"line":106,"column":8},"end":{"line":107,"column":21}},"34":{"start":{"line":107,"column":12},"end":{"line":107,"column":21}},"35":{"start":{"line":110,"column":23},"end":{"line":110,"column":49}},"36":{"start":{"line":113,"column":19},"end":{"line":113,"column":20}},"37":{"start":{"line":114,"column":20},"end":{"line":114,"column":21}},"38":{"start":{"line":115,"column":18},"end":{"line":115,"column":19}},"39":{"start":{"line":116,"column":21},"end":{"line":116,"column":22}},"40":{"start":{"line":117,"column":22},"end":{"line":117,"column":23}},"41":{"start":{"line":118,"column":23},"end":{"line":118,"column":24}},"42":{"start":{"line":119,"column":25},"end":{"line":119,"column":26}},"43":{"start":{"line":120,"column":26},"end":{"line":120,"column":27}},"44":{"start":{"line":123,"column":18},"end":{"line":123,"column":23}},"45":{"start":{"line":124,"column":18},"end":{"line":124,"column":23}},"46":{"start":{"line":125,"column":18},"end":{"line":125,"column":23}},"47":{"start":{"line":126,"column":18},"end":{"line":126,"column":23}},"48":{"start":{"line":127,"column":19},"end":{"line":127,"column":24}},"49":{"start":{"line":128,"column":19},"end":{"line":128,"column":24}},"50":{"start":{"line":129,"column":19},"end":{"line":129,"column":24}},"51":{"start":{"line":130,"column":19},"end":{"line":130,"column":24}},"52":{"start":{"line":131,"column":19},"end":{"line":131,"column":24}},"53":{"start":{"line":132,"column":19},"end":{"line":132,"column":24}},"54":{"start":{"line":133,"column":19},"end":{"line":133,"column":24}},"55":{"start":{"line":134,"column":19},"end":{"line":134,"column":24}},"56":{"start":{"line":137,"column":8},"end":{"line":137,"column":95}},"57":{"start":{"line":137,"column":88},"end":{"line":137,"column":95}},"58":{"start":{"line":138,"column":8},"end":{"line":138,"column":94}},"59":{"start":{"line":138,"column":88},"end":{"line":138,"column":94}},"60":{"start":{"line":139,"column":8},"end":{"line":139,"column":96}},"61":{"start":{"line":139,"column":88},"end":{"line":139,"column":96}},"62":{"start":{"line":140,"column":8},"end":{"line":140,"column":97}},"63":{"start":{"line":140,"column":88},"end":{"line":140,"column":97}},"64":{"start":{"line":141,"column":8},"end":{"line":141,"column":117}},"65":{"start":{"line":141,"column":106},"end":{"line":141,"column":117}},"66":{"start":{"line":142,"column":8},"end":{"line":142,"column":116}},"67":{"start":{"line":142,"column":106},"end":{"line":142,"column":116}},"68":{"start":{"line":143,"column":8},"end":{"line":143,"column":120}},"69":{"start":{"line":143,"column":106},"end":{"line":143,"column":120}},"70":{"start":{"line":144,"column":8},"end":{"line":144,"column":119}},"71":{"start":{"line":144,"column":106},"end":{"line":144,"column":119}},"72":{"start":{"line":146,"column":20},"end":{"line":146,"column":21}},"73":{"start":{"line":149,"column":8},"end":{"line":149,"column":102}},"74":{"start":{"line":149,"column":88},"end":{"line":149,"column":102}},"75":{"start":{"line":150,"column":8},"end":{"line":150,"column":104}},"76":{"start":{"line":150,"column":89},"end":{"line":150,"column":104}},"77":{"start":{"line":151,"column":8},"end":{"line":151,"column":100}},"78":{"start":{"line":151,"column":87},"end":{"line":151,"column":100}},"79":{"start":{"line":152,"column":8},"end":{"line":152,"column":106}},"80":{"start":{"line":152,"column":90},"end":{"line":152,"column":106}},"81":{"start":{"line":153,"column":8},"end":{"line":153,"column":118}},"82":{"start":{"line":153,"column":100},"end":{"line":153,"column":118}},"83":{"start":{"line":154,"column":8},"end":{"line":154,"column":116}},"84":{"start":{"line":154,"column":99},"end":{"line":154,"column":116}},"85":{"start":{"line":155,"column":8},"end":{"line":155,"column":122}},"86":{"start":{"line":155,"column":102},"end":{"line":155,"column":122}},"87":{"start":{"line":156,"column":8},"end":{"line":156,"column":124}},"88":{"start":{"line":156,"column":103},"end":{"line":156,"column":124}},"89":{"start":{"line":159,"column":8},"end":{"line":159,"column":21}},"90":{"start":{"line":172,"column":8},"end":{"line":173,"column":40}},"91":{"start":{"line":173,"column":12},"end":{"line":173,"column":40}},"92":{"start":{"line":174,"column":8},"end":{"line":175,"column":34}},"93":{"start":{"line":175,"column":12},"end":{"line":175,"column":34}},"94":{"start":{"line":176,"column":8},"end":{"line":177,"column":32}},"95":{"start":{"line":177,"column":12},"end":{"line":177,"column":32}},"96":{"start":{"line":180,"column":23},"end":{"line":180,"column":49}},"97":{"start":{"line":182,"column":8},"end":{"line":182,"column":35}},"98":{"start":{"line":185,"column":19},"end":{"line":185,"column":20}},"99":{"start":{"line":186,"column":20},"end":{"line":186,"column":21}},"100":{"start":{"line":187,"column":18},"end":{"line":187,"column":19}},"101":{"start":{"line":188,"column":21},"end":{"line":188,"column":22}},"102":{"start":{"line":189,"column":22},"end":{"line":189,"column":23}},"103":{"start":{"line":190,"column":23},"end":{"line":190,"column":24}},"104":{"start":{"line":191,"column":25},"end":{"line":191,"column":26}},"105":{"start":{"line":192,"column":26},"end":{"line":192,"column":27}},"106":{"start":{"line":195,"column":18},"end":{"line":195,"column":23}},"107":{"start":{"line":196,"column":18},"end":{"line":196,"column":23}},"108":{"start":{"line":197,"column":18},"end":{"line":197,"column":23}},"109":{"start":{"line":198,"column":18},"end":{"line":198,"column":23}},"110":{"start":{"line":199,"column":19},"end":{"line":199,"column":24}},"111":{"start":{"line":200,"column":19},"end":{"line":200,"column":24}},"112":{"start":{"line":201,"column":19},"end":{"line":201,"column":24}},"113":{"start":{"line":202,"column":19},"end":{"line":202,"column":24}},"114":{"start":{"line":203,"column":19},"end":{"line":203,"column":24}},"115":{"start":{"line":204,"column":19},"end":{"line":204,"column":24}},"116":{"start":{"line":205,"column":19},"end":{"line":205,"column":24}},"117":{"start":{"line":206,"column":19},"end":{"line":206,"column":24}},"118":{"start":{"line":209,"column":8},"end":{"line":209,"column":95}},"119":{"start":{"line":209,"column":88},"end":{"line":209,"column":95}},"120":{"start":{"line":210,"column":8},"end":{"line":210,"column":94}},"121":{"start":{"line":210,"column":88},"end":{"line":210,"column":94}},"122":{"start":{"line":211,"column":8},"end":{"line":211,"column":96}},"123":{"start":{"line":211,"column":88},"end":{"line":211,"column":96}},"124":{"start":{"line":212,"column":8},"end":{"line":212,"column":97}},"125":{"start":{"line":212,"column":88},"end":{"line":212,"column":97}},"126":{"start":{"line":213,"column":8},"end":{"line":213,"column":117}},"127":{"start":{"line":213,"column":106},"end":{"line":213,"column":117}},"128":{"start":{"line":214,"column":8},"end":{"line":214,"column":116}},"129":{"start":{"line":214,"column":106},"end":{"line":214,"column":116}},"130":{"start":{"line":215,"column":8},"end":{"line":215,"column":120}},"131":{"start":{"line":215,"column":106},"end":{"line":215,"column":120}},"132":{"start":{"line":216,"column":8},"end":{"line":216,"column":119}},"133":{"start":{"line":216,"column":106},"end":{"line":216,"column":119}},"134":{"start":{"line":219,"column":8},"end":{"line":223,"column":9}},"135":{"start":{"line":220,"column":12},"end":{"line":222,"column":13}},"136":{"start":{"line":221,"column":16},"end":{"line":221,"column":44}},"137":{"start":{"line":225,"column":8},"end":{"line":229,"column":9}},"138":{"start":{"line":226,"column":12},"end":{"line":228,"column":13}},"139":{"start":{"line":227,"column":16},"end":{"line":227,"column":44}},"140":{"start":{"line":231,"column":8},"end":{"line":235,"column":9}},"141":{"start":{"line":232,"column":12},"end":{"line":234,"column":13}},"142":{"start":{"line":233,"column":16},"end":{"line":233,"column":44}},"143":{"start":{"line":237,"column":8},"end":{"line":241,"column":9}},"144":{"start":{"line":238,"column":12},"end":{"line":240,"column":13}},"145":{"start":{"line":239,"column":16},"end":{"line":239,"column":44}},"146":{"start":{"line":243,"column":8},"end":{"line":247,"column":9}},"147":{"start":{"line":244,"column":12},"end":{"line":246,"column":13}},"148":{"start":{"line":245,"column":16},"end":{"line":245,"column":45}},"149":{"start":{"line":249,"column":8},"end":{"line":253,"column":9}},"150":{"start":{"line":250,"column":12},"end":{"line":252,"column":13}},"151":{"start":{"line":251,"column":16},"end":{"line":251,"column":45}},"152":{"start":{"line":255,"column":8},"end":{"line":259,"column":9}},"153":{"start":{"line":256,"column":12},"end":{"line":258,"column":13}},"154":{"start":{"line":257,"column":16},"end":{"line":257,"column":45}},"155":{"start":{"line":261,"column":8},"end":{"line":265,"column":9}},"156":{"start":{"line":262,"column":12},"end":{"line":264,"column":13}},"157":{"start":{"line":263,"column":16},"end":{"line":263,"column":45}},"158":{"start":{"line":268,"column":8},"end":{"line":268,"column":22}},"159":{"start":{"line":281,"column":8},"end":{"line":282,"column":40}},"160":{"start":{"line":282,"column":12},"end":{"line":282,"column":40}},"161":{"start":{"line":283,"column":8},"end":{"line":284,"column":37}},"162":{"start":{"line":284,"column":12},"end":{"line":284,"column":37}},"163":{"start":{"line":286,"column":8},"end":{"line":286,"column":41}},"164":{"start":{"line":288,"column":8},"end":{"line":289,"column":25}},"165":{"start":{"line":289,"column":12},"end":{"line":289,"column":25}},"166":{"start":{"line":300,"column":8},"end":{"line":301,"column":40}},"167":{"start":{"line":301,"column":12},"end":{"line":301,"column":40}},"168":{"start":{"line":303,"column":8},"end":{"line":303,"column":44}},"169":{"start":{"line":313,"column":8},"end":{"line":314,"column":34}},"170":{"start":{"line":314,"column":12},"end":{"line":314,"column":34}},"171":{"start":{"line":316,"column":18},"end":{"line":316,"column":19}},"172":{"start":{"line":318,"column":8},"end":{"line":320,"column":21}},"173":{"start":{"line":319,"column":12},"end":{"line":320,"column":21}},"174":{"start":{"line":320,"column":16},"end":{"line":320,"column":21}},"175":{"start":{"line":322,"column":8},"end":{"line":322,"column":19}},"176":{"start":{"line":332,"column":8},"end":{"line":333,"column":37}},"177":{"start":{"line":333,"column":12},"end":{"line":333,"column":37}},"178":{"start":{"line":335,"column":8},"end":{"line":337,"column":41}},"179":{"start":{"line":336,"column":12},"end":{"line":337,"column":41}},"180":{"start":{"line":337,"column":16},"end":{"line":337,"column":41}},"181":{"start":{"line":339,"column":8},"end":{"line":339,"column":55}},"182":{"start":{"line":342,"column":8},"end":{"line":342,"column":22}},"183":{"start":{"line":350,"column":8},"end":{"line":350,"column":54}},"184":{"start":{"line":360,"column":8},"end":{"line":361,"column":34}},"185":{"start":{"line":361,"column":12},"end":{"line":361,"column":34}},"186":{"start":{"line":363,"column":23},"end":{"line":363,"column":25}},"187":{"start":{"line":365,"column":8},"end":{"line":368,"column":52}},"188":{"start":{"line":366,"column":12},"end":{"line":368,"column":52}},"189":{"start":{"line":367,"column":16},"end":{"line":368,"column":52}},"190":{"start":{"line":368,"column":20},"end":{"line":368,"column":52}},"191":{"start":{"line":370,"column":8},"end":{"line":370,"column":24}},"192":{"start":{"line":378,"column":8},"end":{"line":378,"column":38}},"193":{"start":{"line":385,"column":8},"end":{"line":386,"column":23}},"194":{"start":{"line":386,"column":12},"end":{"line":386,"column":23}},"195":{"start":{"line":394,"column":8},"end":{"line":394,"column":68}},"196":{"start":{"line":394,"column":52},"end":{"line":394,"column":66}},"197":{"start":{"line":399,"column":8},"end":{"line":399,"column":33}},"198":{"start":{"line":403,"column":8},"end":{"line":403,"column":48}},"199":{"start":{"line":407,"column":8},"end":{"line":407,"column":38}}},"fnMap":{"0":{"name":"(anonymous_0)","decl":{"start":{"line":13,"column":4},"end":{"line":13,"column":5}},"loc":{"start":{"line":13,"column":29},"end":{"line":50,"column":5}},"line":13},"1":{"name":"(anonymous_1)","decl":{"start":{"line":55,"column":4},"end":{"line":55,"column":5}},"loc":{"start":{"line":55,"column":19},"end":{"line":57,"column":5}},"line":55},"2":{"name":"(anonymous_2)","decl":{"start":{"line":65,"column":4},"end":{"line":65,"column":5}},"loc":{"start":{"line":65,"column":24},"end":{"line":67,"column":5}},"line":65},"3":{"name":"(anonymous_3)","decl":{"start":{"line":78,"column":4},"end":{"line":78,"column":5}},"loc":{"start":{"line":78,"column":25},"end":{"line":85,"column":5}},"line":78},"4":{"name":"(anonymous_4)","decl":{"start":{"line":96,"column":4},"end":{"line":96,"column":5}},"loc":{"start":{"line":96,"column":24},"end":{"line":160,"column":5}},"line":96},"5":{"name":"(anonymous_5)","decl":{"start":{"line":171,"column":4},"end":{"line":171,"column":5}},"loc":{"start":{"line":171,"column":23},"end":{"line":269,"column":5}},"line":171},"6":{"name":"(anonymous_6)","decl":{"start":{"line":280,"column":4},"end":{"line":280,"column":5}},"loc":{"start":{"line":280,"column":29},"end":{"line":290,"column":5}},"line":280},"7":{"name":"(anonymous_7)","decl":{"start":{"line":299,"column":4},"end":{"line":299,"column":5}},"loc":{"start":{"line":299,"column":18},"end":{"line":304,"column":5}},"line":299},"8":{"name":"(anonymous_8)","decl":{"start":{"line":312,"column":4},"end":{"line":312,"column":5}},"loc":{"start":{"line":312,"column":21},"end":{"line":323,"column":5}},"line":312},"9":{"name":"(anonymous_9)","decl":{"start":{"line":331,"column":4},"end":{"line":331,"column":5}},"loc":{"start":{"line":331,"column":20},"end":{"line":343,"column":5}},"line":331},"10":{"name":"(anonymous_10)","decl":{"start":{"line":349,"column":4},"end":{"line":349,"column":5}},"loc":{"start":{"line":349,"column":15},"end":{"line":351,"column":5}},"line":349},"11":{"name":"(anonymous_11)","decl":{"start":{"line":359,"column":4},"end":{"line":359,"column":5}},"loc":{"start":{"line":359,"column":27},"end":{"line":371,"column":5}},"line":359},"12":{"name":"(anonymous_12)","decl":{"start":{"line":377,"column":4},"end":{"line":377,"column":5}},"loc":{"start":{"line":377,"column":21},"end":{"line":379,"column":5}},"line":377},"13":{"name":"(anonymous_13)","decl":{"start":{"line":384,"column":4},"end":{"line":384,"column":5}},"loc":{"start":{"line":384,"column":13},"end":{"line":387,"column":5}},"line":384},"14":{"name":"(anonymous_14)","decl":{"start":{"line":393,"column":4},"end":{"line":393,"column":5}},"loc":{"start":{"line":393,"column":21},"end":{"line":395,"column":5}},"line":393},"15":{"name":"(anonymous_15)","decl":{"start":{"line":394,"column":47},"end":{"line":394,"column":48}},"loc":{"start":{"line":394,"column":52},"end":{"line":394,"column":66}},"line":394},"16":{"name":"(anonymous_16)","decl":{"start":{"line":398,"column":4},"end":{"line":398,"column":5}},"loc":{"start":{"line":398,"column":16},"end":{"line":400,"column":5}},"line":398},"17":{"name":"(anonymous_17)","decl":{"start":{"line":402,"column":4},"end":{"line":402,"column":5}},"loc":{"start":{"line":402,"column":18},"end":{"line":404,"column":5}},"line":402},"18":{"name":"(anonymous_18)","decl":{"start":{"line":406,"column":4},"end":{"line":406,"column":5}},"loc":{"start":{"line":406,"column":19},"end":{"line":408,"column":5}},"line":406}},"branchMap":{"0":{"loc":{"start":{"line":14,"column":8},"end":{"line":15,"column":37}},"type":"if","locations":[{"start":{"line":14,"column":8},"end":{"line":15,"column":37}},{"start":{"line":14,"column":8},"end":{"line":15,"column":37}}],"line":14},"1":{"loc":{"start":{"line":14,"column":12},"end":{"line":14,"column":38}},"type":"binary-expr","locations":[{"start":{"line":14,"column":12},"end":{"line":14,"column":26}},{"start":{"line":14,"column":30},"end":{"line":14,"column":38}}],"line":14},"2":{"loc":{"start":{"line":16,"column":8},"end":{"line":17,"column":37}},"type":"if","locations":[{"start":{"line":16,"column":8},"end":{"line":17,"column":37}},{"start":{"line":16,"column":8},"end":{"line":17,"column":37}}],"line":16},"3":{"loc":{"start":{"line":16,"column":12},"end":{"line":16,"column":63}},"type":"binary-expr","locations":[{"start":{"line":16,"column":12},"end":{"line":16,"column":31}},{"start":{"line":16,"column":35},"end":{"line":16,"column":63}}],"line":16},"4":{"loc":{"start":{"line":18,"column":8},"end":{"line":21,"column":45}},"type":"if","locations":[{"start":{"line":18,"column":8},"end":{"line":21,"column":45}},{"start":{"line":18,"column":8},"end":{"line":21,"column":45}}],"line":18},"5":{"loc":{"start":{"line":20,"column":16},"end":{"line":21,"column":45}},"type":"if","locations":[{"start":{"line":20,"column":16},"end":{"line":21,"column":45}},{"start":{"line":20,"column":16},"end":{"line":21,"column":45}}],"line":20},"6":{"loc":{"start":{"line":34,"column":8},"end":{"line":35,"column":59}},"type":"if","locations":[{"start":{"line":34,"column":8},"end":{"line":35,"column":59}},{"start":{"line":34,"column":8},"end":{"line":35,"column":59}}],"line":34},"7":{"loc":{"start":{"line":37,"column":8},"end":{"line":47,"column":9}},"type":"if","locations":[{"start":{"line":37,"column":8},"end":{"line":47,"column":9}},{"start":{"line":37,"column":8},"end":{"line":47,"column":9}}],"line":37},"8":{"loc":{"start":{"line":66,"column":15},"end":{"line":66,"column":65}},"type":"binary-expr","locations":[{"start":{"line":66,"column":15},"end":{"line":66,"column":21}},{"start":{"line":66,"column":25},"end":{"line":66,"column":31}},{"start":{"line":66,"column":35},"end":{"line":66,"column":48}},{"start":{"line":66,"column":52},"end":{"line":66,"column":65}}],"line":66},"9":{"loc":{"start":{"line":79,"column":8},"end":{"line":80,"column":40}},"type":"if","locations":[{"start":{"line":79,"column":8},"end":{"line":80,"column":40}},{"start":{"line":79,"column":8},"end":{"line":80,"column":40}}],"line":79},"10":{"loc":{"start":{"line":81,"column":8},"end":{"line":82,"column":37}},"type":"if","locations":[{"start":{"line":81,"column":8},"end":{"line":82,"column":37}},{"start":{"line":81,"column":8},"end":{"line":82,"column":37}}],"line":81},"11":{"loc":{"start":{"line":97,"column":8},"end":{"line":98,"column":40}},"type":"if","locations":[{"start":{"line":97,"column":8},"end":{"line":98,"column":40}},{"start":{"line":97,"column":8},"end":{"line":98,"column":40}}],"line":97},"12":{"loc":{"start":{"line":99,"column":8},"end":{"line":100,"column":34}},"type":"if","locations":[{"start":{"line":99,"column":8},"end":{"line":100,"column":34}},{"start":{"line":99,"column":8},"end":{"line":100,"column":34}}],"line":99},"13":{"loc":{"start":{"line":106,"column":8},"end":{"line":107,"column":21}},"type":"if","locations":[{"start":{"line":106,"column":8},"end":{"line":107,"column":21}},{"start":{"line":106,"column":8},"end":{"line":107,"column":21}}],"line":106},"14":{"loc":{"start":{"line":110,"column":23},"end":{"line":110,"column":49}},"type":"cond-expr","locations":[{"start":{"line":110,"column":40},"end":{"line":110,"column":43}},{"start":{"line":110,"column":46},"end":{"line":110,"column":49}}],"line":110},"15":{"loc":{"start":{"line":137,"column":15},"end":{"line":137,"column":79}},"type":"binary-expr","locations":[{"start":{"line":137,"column":15},"end":{"line":137,"column":41}},{"start":{"line":137,"column":45},"end":{"line":137,"column":79}}],"line":137},"16":{"loc":{"start":{"line":138,"column":15},"end":{"line":138,"column":79}},"type":"binary-expr","locations":[{"start":{"line":138,"column":15},"end":{"line":138,"column":41}},{"start":{"line":138,"column":45},"end":{"line":138,"column":79}}],"line":138},"17":{"loc":{"start":{"line":139,"column":15},"end":{"line":139,"column":79}},"type":"binary-expr","locations":[{"start":{"line":139,"column":15},"end":{"line":139,"column":41}},{"start":{"line":139,"column":45},"end":{"line":139,"column":79}}],"line":139},"18":{"loc":{"start":{"line":140,"column":15},"end":{"line":140,"column":79}},"type":"binary-expr","locations":[{"start":{"line":140,"column":15},"end":{"line":140,"column":41}},{"start":{"line":140,"column":45},"end":{"line":140,"column":79}}],"line":140},"19":{"loc":{"start":{"line":141,"column":15},"end":{"line":141,"column":87}},"type":"binary-expr","locations":[{"start":{"line":141,"column":15},"end":{"line":141,"column":45}},{"start":{"line":141,"column":49},"end":{"line":141,"column":87}}],"line":141},"20":{"loc":{"start":{"line":142,"column":15},"end":{"line":142,"column":87}},"type":"binary-expr","locations":[{"start":{"line":142,"column":15},"end":{"line":142,"column":45}},{"start":{"line":142,"column":49},"end":{"line":142,"column":87}}],"line":142},"21":{"loc":{"start":{"line":143,"column":15},"end":{"line":143,"column":87}},"type":"binary-expr","locations":[{"start":{"line":143,"column":15},"end":{"line":143,"column":45}},{"start":{"line":143,"column":49},"end":{"line":143,"column":87}}],"line":143},"22":{"loc":{"start":{"line":144,"column":15},"end":{"line":144,"column":87}},"type":"binary-expr","locations":[{"start":{"line":144,"column":15},"end":{"line":144,"column":45}},{"start":{"line":144,"column":49},"end":{"line":144,"column":87}}],"line":144},"23":{"loc":{"start":{"line":149,"column":8},"end":{"line":149,"column":102}},"type":"if","locations":[{"start":{"line":149,"column":8},"end":{"line":149,"column":102}},{"start":{"line":149,"column":8},"end":{"line":149,"column":102}}],"line":149},"24":{"loc":{"start":{"line":149,"column":12},"end":{"line":149,"column":86}},"type":"binary-expr","locations":[{"start":{"line":149,"column":12},"end":{"line":149,"column":38}},{"start":{"line":149,"column":42},"end":{"line":149,"column":74}},{"start":{"line":149,"column":78},"end":{"line":149,"column":86}}],"line":149},"25":{"loc":{"start":{"line":150,"column":8},"end":{"line":150,"column":104}},"type":"if","locations":[{"start":{"line":150,"column":8},"end":{"line":150,"column":104}},{"start":{"line":150,"column":8},"end":{"line":150,"column":104}}],"line":150},"26":{"loc":{"start":{"line":150,"column":12},"end":{"line":150,"column":87}},"type":"binary-expr","locations":[{"start":{"line":150,"column":12},"end":{"line":150,"column":38}},{"start":{"line":150,"column":42},"end":{"line":150,"column":74}},{"start":{"line":150,"column":78},"end":{"line":150,"column":87}}],"line":150},"27":{"loc":{"start":{"line":151,"column":8},"end":{"line":151,"column":100}},"type":"if","locations":[{"start":{"line":151,"column":8},"end":{"line":151,"column":100}},{"start":{"line":151,"column":8},"end":{"line":151,"column":100}}],"line":151},"28":{"loc":{"start":{"line":151,"column":12},"end":{"line":151,"column":85}},"type":"binary-expr","locations":[{"start":{"line":151,"column":12},"end":{"line":151,"column":38}},{"start":{"line":151,"column":42},"end":{"line":151,"column":74}},{"start":{"line":151,"column":78},"end":{"line":151,"column":85}}],"line":151},"29":{"loc":{"start":{"line":152,"column":8},"end":{"line":152,"column":106}},"type":"if","locations":[{"start":{"line":152,"column":8},"end":{"line":152,"column":106}},{"start":{"line":152,"column":8},"end":{"line":152,"column":106}}],"line":152},"30":{"loc":{"start":{"line":152,"column":12},"end":{"line":152,"column":88}},"type":"binary-expr","locations":[{"start":{"line":152,"column":12},"end":{"line":152,"column":38}},{"start":{"line":152,"column":42},"end":{"line":152,"column":74}},{"start":{"line":152,"column":78},"end":{"line":152,"column":88}}],"line":152},"31":{"loc":{"start":{"line":153,"column":8},"end":{"line":153,"column":118}},"type":"if","locations":[{"start":{"line":153,"column":8},"end":{"line":153,"column":118}},{"start":{"line":153,"column":8},"end":{"line":153,"column":118}}],"line":153},"32":{"loc":{"start":{"line":153,"column":12},"end":{"line":153,"column":98}},"type":"binary-expr","locations":[{"start":{"line":153,"column":12},"end":{"line":153,"column":42}},{"start":{"line":153,"column":46},"end":{"line":153,"column":82}},{"start":{"line":153,"column":86},"end":{"line":153,"column":98}}],"line":153},"33":{"loc":{"start":{"line":154,"column":8},"end":{"line":154,"column":116}},"type":"if","locations":[{"start":{"line":154,"column":8},"end":{"line":154,"column":116}},{"start":{"line":154,"column":8},"end":{"line":154,"column":116}}],"line":154},"34":{"loc":{"start":{"line":154,"column":12},"end":{"line":154,"column":97}},"type":"binary-expr","locations":[{"start":{"line":154,"column":12},"end":{"line":154,"column":42}},{"start":{"line":154,"column":46},"end":{"line":154,"column":82}},{"start":{"line":154,"column":86},"end":{"line":154,"column":97}}],"line":154},"35":{"loc":{"start":{"line":155,"column":8},"end":{"line":155,"column":122}},"type":"if","locations":[{"start":{"line":155,"column":8},"end":{"line":155,"column":122}},{"start":{"line":155,"column":8},"end":{"line":155,"column":122}}],"line":155},"36":{"loc":{"start":{"line":155,"column":12},"end":{"line":155,"column":100}},"type":"binary-expr","locations":[{"start":{"line":155,"column":12},"end":{"line":155,"column":42}},{"start":{"line":155,"column":46},"end":{"line":155,"column":82}},{"start":{"line":155,"column":86},"end":{"line":155,"column":100}}],"line":155},"37":{"loc":{"start":{"line":156,"column":8},"end":{"line":156,"column":124}},"type":"if","locations":[{"start":{"line":156,"column":8},"end":{"line":156,"column":124}},{"start":{"line":156,"column":8},"end":{"line":156,"column":124}}],"line":156},"38":{"loc":{"start":{"line":156,"column":12},"end":{"line":156,"column":101}},"type":"binary-expr","locations":[{"start":{"line":156,"column":12},"end":{"line":156,"column":42}},{"start":{"line":156,"column":46},"end":{"line":156,"column":82}},{"start":{"line":156,"column":86},"end":{"line":156,"column":101}}],"line":156},"39":{"loc":{"start":{"line":172,"column":8},"end":{"line":173,"column":40}},"type":"if","locations":[{"start":{"line":172,"column":8},"end":{"line":173,"column":40}},{"start":{"line":172,"column":8},"end":{"line":173,"column":40}}],"line":172},"40":{"loc":{"start":{"line":174,"column":8},"end":{"line":175,"column":34}},"type":"if","locations":[{"start":{"line":174,"column":8},"end":{"line":175,"column":34}},{"start":{"line":174,"column":8},"end":{"line":175,"column":34}}],"line":174},"41":{"loc":{"start":{"line":176,"column":8},"end":{"line":177,"column":32}},"type":"if","locations":[{"start":{"line":176,"column":8},"end":{"line":177,"column":32}},{"start":{"line":176,"column":8},"end":{"line":177,"column":32}}],"line":176},"42":{"loc":{"start":{"line":180,"column":23},"end":{"line":180,"column":49}},"type":"cond-expr","locations":[{"start":{"line":180,"column":40},"end":{"line":180,"column":43}},{"start":{"line":180,"column":46},"end":{"line":180,"column":49}}],"line":180},"43":{"loc":{"start":{"line":209,"column":15},"end":{"line":209,"column":79}},"type":"binary-expr","locations":[{"start":{"line":209,"column":15},"end":{"line":209,"column":41}},{"start":{"line":209,"column":45},"end":{"line":209,"column":79}}],"line":209},"44":{"loc":{"start":{"line":210,"column":15},"end":{"line":210,"column":79}},"type":"binary-expr","locations":[{"start":{"line":210,"column":15},"end":{"line":210,"column":41}},{"start":{"line":210,"column":45},"end":{"line":210,"column":79}}],"line":210},"45":{"loc":{"start":{"line":211,"column":15},"end":{"line":211,"column":79}},"type":"binary-expr","locations":[{"start":{"line":211,"column":15},"end":{"line":211,"column":41}},{"start":{"line":211,"column":45},"end":{"line":211,"column":79}}],"line":211},"46":{"loc":{"start":{"line":212,"column":15},"end":{"line":212,"column":79}},"type":"binary-expr","locations":[{"start":{"line":212,"column":15},"end":{"line":212,"column":41}},{"start":{"line":212,"column":45},"end":{"line":212,"column":79}}],"line":212},"47":{"loc":{"start":{"line":213,"column":15},"end":{"line":213,"column":87}},"type":"binary-expr","locations":[{"start":{"line":213,"column":15},"end":{"line":213,"column":45}},{"start":{"line":213,"column":49},"end":{"line":213,"column":87}}],"line":213},"48":{"loc":{"start":{"line":214,"column":15},"end":{"line":214,"column":87}},"type":"binary-expr","locations":[{"start":{"line":214,"column":15},"end":{"line":214,"column":45}},{"start":{"line":214,"column":49},"end":{"line":214,"column":87}}],"line":214},"49":{"loc":{"start":{"line":215,"column":15},"end":{"line":215,"column":87}},"type":"binary-expr","locations":[{"start":{"line":215,"column":15},"end":{"line":215,"column":45}},{"start":{"line":215,"column":49},"end":{"line":215,"column":87}}],"line":215},"50":{"loc":{"start":{"line":216,"column":15},"end":{"line":216,"column":87}},"type":"binary-expr","locations":[{"start":{"line":216,"column":15},"end":{"line":216,"column":45}},{"start":{"line":216,"column":49},"end":{"line":216,"column":87}}],"line":216},"51":{"loc":{"start":{"line":219,"column":8},"end":{"line":223,"column":9}},"type":"if","locations":[{"start":{"line":219,"column":8},"end":{"line":223,"column":9}},{"start":{"line":219,"column":8},"end":{"line":223,"column":9}}],"line":219},"52":{"loc":{"start":{"line":219,"column":12},"end":{"line":219,"column":86}},"type":"binary-expr","locations":[{"start":{"line":219,"column":12},"end":{"line":219,"column":38}},{"start":{"line":219,"column":42},"end":{"line":219,"column":74}},{"start":{"line":219,"column":78},"end":{"line":219,"column":86}}],"line":219},"53":{"loc":{"start":{"line":220,"column":33},"end":{"line":220,"column":95}},"type":"binary-expr","locations":[{"start":{"line":220,"column":33},"end":{"line":220,"column":58}},{"start":{"line":220,"column":62},"end":{"line":220,"column":95}}],"line":220},"54":{"loc":{"start":{"line":225,"column":8},"end":{"line":229,"column":9}},"type":"if","locations":[{"start":{"line":225,"column":8},"end":{"line":229,"column":9}},{"start":{"line":225,"column":8},"end":{"line":229,"column":9}}],"line":225},"55":{"loc":{"start":{"line":225,"column":12},"end":{"line":225,"column":87}},"type":"binary-expr","locations":[{"start":{"line":225,"column":12},"end":{"line":225,"column":38}},{"start":{"line":225,"column":42},"end":{"line":225,"column":74}},{"start":{"line":225,"column":78},"end":{"line":225,"column":87}}],"line":225},"56":{"loc":{"start":{"line":226,"column":33},"end":{"line":226,"column":95}},"type":"binary-expr","locations":[{"start":{"line":226,"column":33},"end":{"line":226,"column":58}},{"start":{"line":226,"column":62},"end":{"line":226,"column":95}}],"line":226},"57":{"loc":{"start":{"line":231,"column":8},"end":{"line":235,"column":9}},"type":"if","locations":[{"start":{"line":231,"column":8},"end":{"line":235,"column":9}},{"start":{"line":231,"column":8},"end":{"line":235,"column":9}}],"line":231},"58":{"loc":{"start":{"line":231,"column":12},"end":{"line":231,"column":85}},"type":"binary-expr","locations":[{"start":{"line":231,"column":12},"end":{"line":231,"column":38}},{"start":{"line":231,"column":42},"end":{"line":231,"column":74}},{"start":{"line":231,"column":78},"end":{"line":231,"column":85}}],"line":231},"59":{"loc":{"start":{"line":232,"column":33},"end":{"line":232,"column":95}},"type":"binary-expr","locations":[{"start":{"line":232,"column":33},"end":{"line":232,"column":58}},{"start":{"line":232,"column":62},"end":{"line":232,"column":95}}],"line":232},"60":{"loc":{"start":{"line":237,"column":8},"end":{"line":241,"column":9}},"type":"if","locations":[{"start":{"line":237,"column":8},"end":{"line":241,"column":9}},{"start":{"line":237,"column":8},"end":{"line":241,"column":9}}],"line":237},"61":{"loc":{"start":{"line":237,"column":12},"end":{"line":237,"column":88}},"type":"binary-expr","locations":[{"start":{"line":237,"column":12},"end":{"line":237,"column":38}},{"start":{"line":237,"column":42},"end":{"line":237,"column":74}},{"start":{"line":237,"column":78},"end":{"line":237,"column":88}}],"line":237},"62":{"loc":{"start":{"line":238,"column":33},"end":{"line":238,"column":95}},"type":"binary-expr","locations":[{"start":{"line":238,"column":33},"end":{"line":238,"column":58}},{"start":{"line":238,"column":62},"end":{"line":238,"column":95}}],"line":238},"63":{"loc":{"start":{"line":243,"column":8},"end":{"line":247,"column":9}},"type":"if","locations":[{"start":{"line":243,"column":8},"end":{"line":247,"column":9}},{"start":{"line":243,"column":8},"end":{"line":247,"column":9}}],"line":243},"64":{"loc":{"start":{"line":243,"column":12},"end":{"line":243,"column":98}},"type":"binary-expr","locations":[{"start":{"line":243,"column":12},"end":{"line":243,"column":42}},{"start":{"line":243,"column":46},"end":{"line":243,"column":82}},{"start":{"line":243,"column":86},"end":{"line":243,"column":98}}],"line":243},"65":{"loc":{"start":{"line":244,"column":45},"end":{"line":244,"column":109}},"type":"binary-expr","locations":[{"start":{"line":244,"column":45},"end":{"line":244,"column":71}},{"start":{"line":244,"column":75},"end":{"line":244,"column":109}}],"line":244},"66":{"loc":{"start":{"line":249,"column":8},"end":{"line":253,"column":9}},"type":"if","locations":[{"start":{"line":249,"column":8},"end":{"line":253,"column":9}},{"start":{"line":249,"column":8},"end":{"line":253,"column":9}}],"line":249},"67":{"loc":{"start":{"line":249,"column":12},"end":{"line":249,"column":97}},"type":"binary-expr","locations":[{"start":{"line":249,"column":12},"end":{"line":249,"column":42}},{"start":{"line":249,"column":46},"end":{"line":249,"column":82}},{"start":{"line":249,"column":86},"end":{"line":249,"column":97}}],"line":249},"68":{"loc":{"start":{"line":250,"column":45},"end":{"line":250,"column":109}},"type":"binary-expr","locations":[{"start":{"line":250,"column":45},"end":{"line":250,"column":71}},{"start":{"line":250,"column":75},"end":{"line":250,"column":109}}],"line":250},"69":{"loc":{"start":{"line":255,"column":8},"end":{"line":259,"column":9}},"type":"if","locations":[{"start":{"line":255,"column":8},"end":{"line":259,"column":9}},{"start":{"line":255,"column":8},"end":{"line":259,"column":9}}],"line":255},"70":{"loc":{"start":{"line":255,"column":12},"end":{"line":255,"column":100}},"type":"binary-expr","locations":[{"start":{"line":255,"column":12},"end":{"line":255,"column":42}},{"start":{"line":255,"column":46},"end":{"line":255,"column":82}},{"start":{"line":255,"column":86},"end":{"line":255,"column":100}}],"line":255},"71":{"loc":{"start":{"line":256,"column":45},"end":{"line":256,"column":109}},"type":"binary-expr","locations":[{"start":{"line":256,"column":45},"end":{"line":256,"column":71}},{"start":{"line":256,"column":75},"end":{"line":256,"column":109}}],"line":256},"72":{"loc":{"start":{"line":261,"column":8},"end":{"line":265,"column":9}},"type":"if","locations":[{"start":{"line":261,"column":8},"end":{"line":265,"column":9}},{"start":{"line":261,"column":8},"end":{"line":265,"column":9}}],"line":261},"73":{"loc":{"start":{"line":261,"column":12},"end":{"line":261,"column":101}},"type":"binary-expr","locations":[{"start":{"line":261,"column":12},"end":{"line":261,"column":42}},{"start":{"line":261,"column":46},"end":{"line":261,"column":82}},{"start":{"line":261,"column":86},"end":{"line":261,"column":101}}],"line":261},"74":{"loc":{"start":{"line":262,"column":45},"end":{"line":262,"column":109}},"type":"binary-expr","locations":[{"start":{"line":262,"column":45},"end":{"line":262,"column":71}},{"start":{"line":262,"column":75},"end":{"line":262,"column":109}}],"line":262},"75":{"loc":{"start":{"line":281,"column":8},"end":{"line":282,"column":40}},"type":"if","locations":[{"start":{"line":281,"column":8},"end":{"line":282,"column":40}},{"start":{"line":281,"column":8},"end":{"line":282,"column":40}}],"line":281},"76":{"loc":{"start":{"line":283,"column":8},"end":{"line":284,"column":37}},"type":"if","locations":[{"start":{"line":283,"column":8},"end":{"line":284,"column":37}},{"start":{"line":283,"column":8},"end":{"line":284,"column":37}}],"line":283},"77":{"loc":{"start":{"line":288,"column":8},"end":{"line":289,"column":25}},"type":"if","locations":[{"start":{"line":288,"column":8},"end":{"line":289,"column":25}},{"start":{"line":288,"column":8},"end":{"line":289,"column":25}}],"line":288},"78":{"loc":{"start":{"line":300,"column":8},"end":{"line":301,"column":40}},"type":"if","locations":[{"start":{"line":300,"column":8},"end":{"line":301,"column":40}},{"start":{"line":300,"column":8},"end":{"line":301,"column":40}}],"line":300},"79":{"loc":{"start":{"line":313,"column":8},"end":{"line":314,"column":34}},"type":"if","locations":[{"start":{"line":313,"column":8},"end":{"line":314,"column":34}},{"start":{"line":313,"column":8},"end":{"line":314,"column":34}}],"line":313},"80":{"loc":{"start":{"line":319,"column":12},"end":{"line":320,"column":21}},"type":"if","locations":[{"start":{"line":319,"column":12},"end":{"line":320,"column":21}},{"start":{"line":319,"column":12},"end":{"line":320,"column":21}}],"line":319},"81":{"loc":{"start":{"line":332,"column":8},"end":{"line":333,"column":37}},"type":"if","locations":[{"start":{"line":332,"column":8},"end":{"line":333,"column":37}},{"start":{"line":332,"column":8},"end":{"line":333,"column":37}}],"line":332},"82":{"loc":{"start":{"line":336,"column":12},"end":{"line":337,"column":41}},"type":"if","locations":[{"start":{"line":336,"column":12},"end":{"line":337,"column":41}},{"start":{"line":336,"column":12},"end":{"line":337,"column":41}}],"line":336},"83":{"loc":{"start":{"line":360,"column":8},"end":{"line":361,"column":34}},"type":"if","locations":[{"start":{"line":360,"column":8},"end":{"line":361,"column":34}},{"start":{"line":360,"column":8},"end":{"line":361,"column":34}}],"line":360},"84":{"loc":{"start":{"line":367,"column":16},"end":{"line":368,"column":52}},"type":"if","locations":[{"start":{"line":367,"column":16},"end":{"line":368,"column":52}},{"start":{"line":367,"column":16},"end":{"line":368,"column":52}}],"line":367},"85":{"loc":{"start":{"line":403,"column":15},"end":{"line":403,"column":47}},"type":"binary-expr","locations":[{"start":{"line":403,"column":15},"end":{"line":403,"column":34}},{"start":{"line":403,"column":38},"end":{"line":403,"column":47}}],"line":403},"86":{"loc":{"start":{"line":407,"column":15},"end":{"line":407,"column":37}},"type":"binary-expr","locations":[{"start":{"line":407,"column":15},"end":{"line":407,"column":24}},{"start":{"line":407,"column":28},"end":{"line":407,"column":37}}],"line":407}},"s":{"0":3704,"1":2,"2":3702,"3":1,"4":3701,"5":3672,"6":234806,"7":1,"8":3700,"9":3700,"10":3700,"11":3671,"12":3700,"13":29,"14":29,"15":29,"16":29,"17":29,"18":29,"19":29,"20":3700,"21":14739,"22":6075784,"23":2612980,"24":2,"25":2612978,"26":1,"27":2612977,"28":239612,"29":1,"30":239611,"31":1,"32":239610,"33":239610,"34":52798,"35":186812,"36":186812,"37":186812,"38":186812,"39":186812,"40":186812,"41":186812,"42":186812,"43":186812,"44":186812,"45":186812,"46":186812,"47":186812,"48":186812,"49":186812,"50":186812,"51":186812,"52":186812,"53":186812,"54":186812,"55":186812,"56":186812,"57":24035,"58":186812,"59":25010,"60":186812,"61":14090,"62":186812,"63":12912,"64":186812,"65":17269,"66":186812,"67":25418,"68":186812,"69":8596,"70":186812,"71":17134,"72":186812,"73":186812,"74":4818,"75":186812,"76":2715,"77":186812,"78":5870,"79":186812,"80":2310,"81":186812,"82":3081,"83":186812,"84":5035,"85":186812,"86":2718,"87":186812,"88":1559,"89":186812,"90":3678,"91":1,"92":3677,"93":1,"94":3676,"95":4,"96":3672,"97":3672,"98":3672,"99":3672,"100":3672,"101":3672,"102":3672,"103":3672,"104":3672,"105":3672,"106":3672,"107":3672,"108":3672,"109":3672,"110":3672,"111":3672,"112":3672,"113":3672,"114":3672,"115":3672,"116":3672,"117":3672,"118":3672,"119":1828,"120":3672,"121":1554,"122":3672,"123":580,"124":3672,"125":1264,"126":3672,"127":938,"128":3672,"129":1402,"130":3672,"131":434,"132":3672,"133":1185,"134":3672,"135":947,"136":1183,"137":3672,"138":282,"139":292,"140":3672,"141":644,"142":980,"143":3672,"144":465,"145":664,"146":3672,"147":396,"148":428,"149":3672,"150":820,"151":959,"152":3672,"153":447,"154":464,"155":3672,"156":160,"157":162,"158":3672,"159":8813,"160":1,"161":8812,"162":1,"163":8811,"164":8811,"165":2,"166":6,"167":1,"168":5,"169":2893,"170":1,"171":2892,"172":2892,"173":185088,"174":18880,"175":2892,"176":16,"177":1,"178":15,"179":897,"180":1,"181":14,"182":14,"183":3667,"184":3690,"185":2,"186":3688,"187":3688,"188":29492,"189":235888,"190":20201,"191":3688,"192":4,"193":3690,"194":3,"195":1,"196":1,"197":2881720,"198":2857493,"199":3107364},"f":{"0":3704,"1":14739,"2":6075784,"3":2612980,"4":239612,"5":3678,"6":8813,"7":6,"8":2893,"9":16,"10":3667,"11":3690,"12":4,"13":3690,"14":1,"15":1,"16":2881720,"17":2857493,"18":3107364},"b":{"0":[2,3702],"1":[3704,3702],"2":[1,3701],"3":[3702,3673],"4":[3672,29],"5":[1,234805],"6":[3671,29],"7":[29,3671],"8":[6075784,5941375,5808587,5639247],"9":[2,2612978],"10":[1,2612977],"11":[1,239611],"12":[1,239610],"13":[52798,186812],"14":[150392,36420],"15":[210847,188826],"16":[211822,189600],"17":[200902,171448],"18":[199724,170534],"19":[204081,158285],"20":[212230,167846],"21":[195408,140492],"22":[203946,157176],"23":[4818,181994],"24":[186812,164791,18663],"25":[2715,184097],"26":[186812,157358,9821],"27":[5870,180942],"28":[186812,164590,17597],"29":[2310,184502],"30":[186812,157622,9687],"31":[3081,183731],"32":[186812,141016,11734],"33":[5035,181777],"34":[186812,142428,17925],"35":[2718,184094],"36":[186812,140042,10957],"37":[1559,185253],"38":[186812,131896,5511],"39":[1,3677],"40":[1,3676],"41":[4,3672],"42":[664,3008],"43":[5500,4794],"44":[5226,4481],"45":[4252,4247],"46":[4936,4875],"47":[4610,3867],"48":[5074,3890],"49":[4106,4041],"50":[4857,4263],"51":[947,2725],"52":[3672,2966,1317],"53":[2130,2130],"54":[282,3390],"55":[3672,3667,627],"56":[574,574],"57":[644,3028],"58":[3672,2927,968],"59":[1624,1624],"60":[465,3207],"61":[3672,3611,718],"62":[1129,1129],"63":[396,3276],"64":[3672,2929,603],"65":[824,824],"66":[820,2852],"67":[3672,2488,1067],"68":[1779,1779],"69":[447,3225],"70":[3672,3078,951],"71":[911,911],"72":[160,3512],"73":[3672,3607,319],"74":[322,322],"75":[1,8812],"76":[1,8811],"77":[2,8809],"78":[1,5],"79":[1,2892],"80":[18880,166208],"81":[1,15],"82":[1,896],"83":[2,3688],"84":[20201,215687],"85":[2857493,186465],"86":[3107364,1606138]},"_coverageSchema":"332fd63041d2c1bcb487cc26dd0d5f7d97098a6c","hash":"eb8561ce7ab05e92ed18aae02f00346df3be0969"}
,"/Users/jinesh/Documents/University/Year III/SFWRENG 3XA3/3XA3-G02-Othello/src/scripts/history.js": {"path":"/Users/jinesh/Documents/University/Year III/SFWRENG 3XA3/3XA3-G02-Othello/src/scripts/history.js","statementMap":{"0":{"start":{"line":11,"column":8},"end":{"line":17,"column":32}},"1":{"start":{"line":15,"column":12},"end":{"line":15,"column":27}},"2":{"start":{"line":17,"column":12},"end":{"line":17,"column":32}},"3":{"start":{"line":25,"column":8},"end":{"line":25,"column":36}},"4":{"start":{"line":34,"column":8},"end":{"line":35,"column":31}},"5":{"start":{"line":35,"column":12},"end":{"line":35,"column":31}},"6":{"start":{"line":37,"column":8},"end":{"line":37,"column":31}},"7":{"start":{"line":44,"column":8},"end":{"line":44,"column":23}},"8":{"start":{"line":52,"column":8},"end":{"line":52,"column":57}},"9":{"start":{"line":60,"column":8},"end":{"line":60,"column":32}},"10":{"start":{"line":68,"column":8},"end":{"line":68,"column":28}},"11":{"start":{"line":76,"column":8},"end":{"line":76,"column":25}}},"fnMap":{"0":{"name":"(anonymous_0)","decl":{"start":{"line":9,"column":4},"end":{"line":9,"column":5}},"loc":{"start":{"line":9,"column":25},"end":{"line":18,"column":5}},"line":9},"1":{"name":"(anonymous_1)","decl":{"start":{"line":24,"column":4},"end":{"line":24,"column":5}},"loc":{"start":{"line":24,"column":14},"end":{"line":26,"column":5}},"line":24},"2":{"name":"(anonymous_2)","decl":{"start":{"line":33,"column":4},"end":{"line":33,"column":5}},"loc":{"start":{"line":33,"column":11},"end":{"line":38,"column":5}},"line":33},"3":{"name":"(anonymous_3)","decl":{"start":{"line":43,"column":4},"end":{"line":43,"column":5}},"loc":{"start":{"line":43,"column":12},"end":{"line":45,"column":5}},"line":43},"4":{"name":"(anonymous_4)","decl":{"start":{"line":51,"column":4},"end":{"line":51,"column":5}},"loc":{"start":{"line":51,"column":15},"end":{"line":53,"column":5}},"line":51},"5":{"name":"(anonymous_5)","decl":{"start":{"line":59,"column":4},"end":{"line":59,"column":5}},"loc":{"start":{"line":59,"column":11},"end":{"line":61,"column":5}},"line":59},"6":{"name":"(anonymous_6)","decl":{"start":{"line":67,"column":4},"end":{"line":67,"column":5}},"loc":{"start":{"line":67,"column":12},"end":{"line":69,"column":5}},"line":67},"7":{"name":"(anonymous_7)","decl":{"start":{"line":75,"column":4},"end":{"line":75,"column":5}},"loc":{"start":{"line":75,"column":15},"end":{"line":77,"column":5}},"line":75}},"branchMap":{"0":{"loc":{"start":{"line":11,"column":8},"end":{"line":17,"column":32}},"type":"if","locations":[{"start":{"line":11,"column":8},"end":{"line":17,"column":32}},{"start":{"line":11,"column":8},"end":{"line":17,"column":32}}],"line":11},"1":{"loc":{"start":{"line":34,"column":8},"end":{"line":35,"column":31}},"type":"if","locations":[{"start":{"line":34,"column":8},"end":{"line":35,"column":31}},{"start":{"line":34,"column":8},"end":{"line":35,"column":31}}],"line":34}},"s":{"0":10,"1":9,"2":1,"3":9,"4":6,"5":1,"6":5,"7":1,"8":21,"9":1,"10":1,"11":9},"f":{"0":10,"1":9,"2":6,"3":1,"4":21,"5":1,"6":1,"7":9},"b":{"0":[9,1],"1":[1,5]},"_coverageSchema":"332fd63041d2c1bcb487cc26dd0d5f7d97098a6c","hash":"6823859528ccf09d55152667df8a075ca09217f8"}
}
