TN:
SF:/Users/jinesh/Documents/University/Year III/SFWRENG 3XA3/3XA3-G02-Othello/src/scripts/ai.js
FN:16,(anonymous_0)
FN:29,(anonymous_1)
FN:44,(anonymous_2)
FN:56,(anonymous_3)
FN:97,(anonymous_4)
FN:108,(anonymous_5)
FN:116,(anonymous_6)
FN:122,(anonymous_7)
FN:161,(anonymous_8)
FN:175,(anonymous_9)
FN:179,(anonymous_10)
FNF:11
FNH:11
FNDA:15,(anonymous_0)
FNDA:3,(anonymous_1)
FNDA:3,(anonymous_2)
FNDA:8,(anonymous_3)
FNDA:7,(anonymous_4)
FNDA:5,(anonymous_5)
FNDA:1,(anonymous_6)
FNDA:3670,(anonymous_7)
FNDA:3695,(anonymous_8)
FNDA:3727,(anonymous_9)
FNDA:3727,(anonymous_10)
DA:5,1
DA:21,15
DA:30,3
DA:31,1
DA:32,2
DA:33,1
DA:35,1
DA:45,3
DA:46,1
DA:48,2
DA:57,8
DA:58,8
DA:59,8
DA:61,8
DA:62,32
DA:64,8
DA:65,8
DA:67,8
DA:68,1
DA:70,7
DA:71,32
DA:72,32
DA:74,32
DA:76,32
DA:77,32
DA:80,7
DA:81,1
DA:82,6
DA:83,1
DA:84,5
DA:85,3
DA:86,2
DA:87,1
DA:89,1
DA:98,7
DA:99,7
DA:100,7
DA:101,7
DA:109,5
DA:117,1
DA:124,3670
DA:127,3670
DA:128,2888
DA:131,782
DA:133,782
DA:135,782
DA:136,3663
DA:137,3663
DA:138,3663
DA:139,3663
DA:140,3663
DA:142,3663
DA:144,3663
DA:146,3663
DA:148,3663
DA:149,267
DA:151,267
DA:152,12
DA:153,3396
DA:154,1257
DA:158,782
DA:162,3695
DA:163,31
DA:164,3664
DA:165,1634
DA:166,2030
DA:167,599
DA:168,1431
DA:169,1032
DA:171,399
DA:176,3727
DA:180,3727
LF:72
LH:72
BRDA:30,0,0,1
BRDA:30,0,1,2
BRDA:32,1,0,1
BRDA:32,1,1,1
BRDA:45,2,0,1
BRDA:45,2,1,2
BRDA:67,3,0,1
BRDA:67,3,1,7
BRDA:80,4,0,1
BRDA:80,4,1,6
BRDA:82,5,0,1
BRDA:82,5,1,5
BRDA:84,6,0,3
BRDA:84,6,1,2
BRDA:86,7,0,1
BRDA:86,7,1,1
BRDA:127,8,0,2888
BRDA:127,8,1,782
BRDA:127,9,0,3670
BRDA:127,9,1,789
BRDA:133,10,0,131
BRDA:133,10,1,651
BRDA:142,11,0,658
BRDA:142,11,1,3005
BRDA:148,12,0,267
BRDA:148,12,1,3396
BRDA:148,13,0,3663
BRDA:148,13,1,658
BRDA:151,14,0,12
BRDA:151,14,1,255
BRDA:153,15,0,1257
BRDA:153,15,1,2139
BRDA:153,16,0,3396
BRDA:153,16,1,3005
BRDA:162,17,0,31
BRDA:162,17,1,3664
BRDA:162,18,0,3695
BRDA:162,18,1,3278
BRDA:162,18,2,421
BRDA:162,18,3,421
BRDA:164,19,0,1634
BRDA:164,19,1,2030
BRDA:164,20,0,3664
BRDA:164,20,1,2770
BRDA:164,20,2,2083
BRDA:164,20,3,1996
BRDA:166,21,0,599
BRDA:166,21,1,1431
BRDA:166,22,0,2030
BRDA:166,22,1,1644
BRDA:166,22,2,390
BRDA:166,22,3,390
BRDA:166,22,4,1650
BRDA:166,22,5,1132
BRDA:166,22,6,548
BRDA:166,22,7,268
BRDA:168,23,0,1032
BRDA:168,23,1,399
BRDA:168,24,0,1431
BRDA:168,24,1,923
BRDA:168,24,2,650
BRDA:168,24,3,307
BRDA:168,24,4,1170
BRDA:168,24,5,717
BRDA:168,24,6,841
BRDA:168,24,7,788
BRF:66
BRH:66
end_of_record
TN:
SF:/Users/jinesh/Documents/University/Year III/SFWRENG 3XA3/3XA3-G02-Othello/src/scripts/board.js
FN:13,(anonymous_0)
FN:55,(anonymous_1)
FN:65,(anonymous_2)
FN:78,(anonymous_3)
FN:96,(anonymous_4)
FN:171,(anonymous_5)
FN:280,(anonymous_6)
FN:299,(anonymous_7)
FN:312,(anonymous_8)
FN:331,(anonymous_9)
FN:349,(anonymous_10)
FN:359,(anonymous_11)
FN:377,(anonymous_12)
FN:384,(anonymous_13)
FN:393,(anonymous_14)
FN:394,(anonymous_15)
FN:398,(anonymous_16)
FN:402,(anonymous_17)
FN:406,(anonymous_18)
FNF:19
FNH:19
FNDA:3704,(anonymous_0)
FNDA:14739,(anonymous_1)
FNDA:6075784,(anonymous_2)
FNDA:2612980,(anonymous_3)
FNDA:239612,(anonymous_4)
FNDA:3678,(anonymous_5)
FNDA:8813,(anonymous_6)
FNDA:6,(anonymous_7)
FNDA:2893,(anonymous_8)
FNDA:16,(anonymous_9)
FNDA:3667,(anonymous_10)
FNDA:3690,(anonymous_11)
FNDA:4,(anonymous_12)
FNDA:3690,(anonymous_13)
FNDA:1,(anonymous_14)
FNDA:1,(anonymous_15)
FNDA:2881720,(anonymous_16)
FNDA:2857493,(anonymous_17)
FNDA:3107364,(anonymous_18)
DA:14,3704
DA:15,2
DA:16,3702
DA:17,1
DA:18,3701
DA:19,3672
DA:20,234806
DA:21,1
DA:26,3700
DA:32,3700
DA:34,3700
DA:35,3671
DA:37,3700
DA:38,29
DA:40,29
DA:41,29
DA:43,29
DA:44,29
DA:45,29
DA:46,29
DA:49,3700
DA:56,14739
DA:66,6075784
DA:79,2612980
DA:80,2
DA:81,2612978
DA:82,1
DA:84,2612977
DA:97,239612
DA:98,1
DA:99,239611
DA:100,1
DA:103,239610
DA:106,239610
DA:107,52798
DA:110,186812
DA:113,186812
DA:114,186812
DA:115,186812
DA:116,186812
DA:117,186812
DA:118,186812
DA:119,186812
DA:120,186812
DA:123,186812
DA:124,186812
DA:125,186812
DA:126,186812
DA:127,186812
DA:128,186812
DA:129,186812
DA:130,186812
DA:131,186812
DA:132,186812
DA:133,186812
DA:134,186812
DA:137,186812
DA:138,186812
DA:139,186812
DA:140,186812
DA:141,186812
DA:142,186812
DA:143,186812
DA:144,186812
DA:146,186812
DA:149,186812
DA:150,186812
DA:151,186812
DA:152,186812
DA:153,186812
DA:154,186812
DA:155,186812
DA:156,186812
DA:159,186812
DA:172,3678
DA:173,1
DA:174,3677
DA:175,1
DA:176,3676
DA:177,4
DA:180,3672
DA:182,3672
DA:185,3672
DA:186,3672
DA:187,3672
DA:188,3672
DA:189,3672
DA:190,3672
DA:191,3672
DA:192,3672
DA:195,3672
DA:196,3672
DA:197,3672
DA:198,3672
DA:199,3672
DA:200,3672
DA:201,3672
DA:202,3672
DA:203,3672
DA:204,3672
DA:205,3672
DA:206,3672
DA:209,3672
DA:210,3672
DA:211,3672
DA:212,3672
DA:213,3672
DA:214,3672
DA:215,3672
DA:216,3672
DA:219,3672
DA:220,947
DA:221,1183
DA:225,3672
DA:226,282
DA:227,292
DA:231,3672
DA:232,644
DA:233,980
DA:237,3672
DA:238,465
DA:239,664
DA:243,3672
DA:244,396
DA:245,428
DA:249,3672
DA:250,820
DA:251,959
DA:255,3672
DA:256,447
DA:257,464
DA:261,3672
DA:262,160
DA:263,162
DA:268,3672
DA:281,8813
DA:282,1
DA:283,8812
DA:284,1
DA:286,8811
DA:288,8811
DA:289,2
DA:300,6
DA:301,1
DA:303,5
DA:313,2893
DA:314,1
DA:316,2892
DA:318,2892
DA:319,185088
DA:320,18880
DA:322,2892
DA:332,16
DA:333,1
DA:335,15
DA:336,897
DA:337,1
DA:339,14
DA:342,14
DA:350,3667
DA:360,3690
DA:361,2
DA:363,3688
DA:365,3688
DA:366,29492
DA:367,235888
DA:368,20201
DA:370,3688
DA:378,4
DA:385,3690
DA:386,3
DA:394,1
DA:399,2881720
DA:403,2857493
DA:407,3107364
LF:175
LH:175
BRDA:14,0,0,2
BRDA:14,0,1,3702
BRDA:14,1,0,3704
BRDA:14,1,1,3702
BRDA:16,2,0,1
BRDA:16,2,1,3701
BRDA:16,3,0,3702
BRDA:16,3,1,3673
BRDA:18,4,0,3672
BRDA:18,4,1,29
BRDA:20,5,0,1
BRDA:20,5,1,234805
BRDA:34,6,0,3671
BRDA:34,6,1,29
BRDA:37,7,0,29
BRDA:37,7,1,3671
BRDA:66,8,0,6075784
BRDA:66,8,1,5941375
BRDA:66,8,2,5808587
BRDA:66,8,3,5639247
BRDA:79,9,0,2
BRDA:79,9,1,2612978
BRDA:81,10,0,1
BRDA:81,10,1,2612977
BRDA:97,11,0,1
BRDA:97,11,1,239611
BRDA:99,12,0,1
BRDA:99,12,1,239610
BRDA:106,13,0,52798
BRDA:106,13,1,186812
BRDA:110,14,0,150392
BRDA:110,14,1,36420
BRDA:137,15,0,210847
BRDA:137,15,1,188826
BRDA:138,16,0,211822
BRDA:138,16,1,189600
BRDA:139,17,0,200902
BRDA:139,17,1,171448
BRDA:140,18,0,199724
BRDA:140,18,1,170534
BRDA:141,19,0,204081
BRDA:141,19,1,158285
BRDA:142,20,0,212230
BRDA:142,20,1,167846
BRDA:143,21,0,195408
BRDA:143,21,1,140492
BRDA:144,22,0,203946
BRDA:144,22,1,157176
BRDA:149,23,0,4818
BRDA:149,23,1,181994
BRDA:149,24,0,186812
BRDA:149,24,1,164791
BRDA:149,24,2,18663
BRDA:150,25,0,2715
BRDA:150,25,1,184097
BRDA:150,26,0,186812
BRDA:150,26,1,157358
BRDA:150,26,2,9821
BRDA:151,27,0,5870
BRDA:151,27,1,180942
BRDA:151,28,0,186812
BRDA:151,28,1,164590
BRDA:151,28,2,17597
BRDA:152,29,0,2310
BRDA:152,29,1,184502
BRDA:152,30,0,186812
BRDA:152,30,1,157622
BRDA:152,30,2,9687
BRDA:153,31,0,3081
BRDA:153,31,1,183731
BRDA:153,32,0,186812
BRDA:153,32,1,141016
BRDA:153,32,2,11734
BRDA:154,33,0,5035
BRDA:154,33,1,181777
BRDA:154,34,0,186812
BRDA:154,34,1,142428
BRDA:154,34,2,17925
BRDA:155,35,0,2718
BRDA:155,35,1,184094
BRDA:155,36,0,186812
BRDA:155,36,1,140042
BRDA:155,36,2,10957
BRDA:156,37,0,1559
BRDA:156,37,1,185253
BRDA:156,38,0,186812
BRDA:156,38,1,131896
BRDA:156,38,2,5511
BRDA:172,39,0,1
BRDA:172,39,1,3677
BRDA:174,40,0,1
BRDA:174,40,1,3676
BRDA:176,41,0,4
BRDA:176,41,1,3672
BRDA:180,42,0,664
BRDA:180,42,1,3008
BRDA:209,43,0,5500
BRDA:209,43,1,4794
BRDA:210,44,0,5226
BRDA:210,44,1,4481
BRDA:211,45,0,4252
BRDA:211,45,1,4247
BRDA:212,46,0,4936
BRDA:212,46,1,4875
BRDA:213,47,0,4610
BRDA:213,47,1,3867
BRDA:214,48,0,5074
BRDA:214,48,1,3890
BRDA:215,49,0,4106
BRDA:215,49,1,4041
BRDA:216,50,0,4857
BRDA:216,50,1,4263
BRDA:219,51,0,947
BRDA:219,51,1,2725
BRDA:219,52,0,3672
BRDA:219,52,1,2966
BRDA:219,52,2,1317
BRDA:220,53,0,2130
BRDA:220,53,1,2130
BRDA:225,54,0,282
BRDA:225,54,1,3390
BRDA:225,55,0,3672
BRDA:225,55,1,3667
BRDA:225,55,2,627
BRDA:226,56,0,574
BRDA:226,56,1,574
BRDA:231,57,0,644
BRDA:231,57,1,3028
BRDA:231,58,0,3672
BRDA:231,58,1,2927
BRDA:231,58,2,968
BRDA:232,59,0,1624
BRDA:232,59,1,1624
BRDA:237,60,0,465
BRDA:237,60,1,3207
BRDA:237,61,0,3672
BRDA:237,61,1,3611
BRDA:237,61,2,718
BRDA:238,62,0,1129
BRDA:238,62,1,1129
BRDA:243,63,0,396
BRDA:243,63,1,3276
BRDA:243,64,0,3672
BRDA:243,64,1,2929
BRDA:243,64,2,603
BRDA:244,65,0,824
BRDA:244,65,1,824
BRDA:249,66,0,820
BRDA:249,66,1,2852
BRDA:249,67,0,3672
BRDA:249,67,1,2488
BRDA:249,67,2,1067
BRDA:250,68,0,1779
BRDA:250,68,1,1779
BRDA:255,69,0,447
BRDA:255,69,1,3225
BRDA:255,70,0,3672
BRDA:255,70,1,3078
BRDA:255,70,2,951
BRDA:256,71,0,911
BRDA:256,71,1,911
BRDA:261,72,0,160
BRDA:261,72,1,3512
BRDA:261,73,0,3672
BRDA:261,73,1,3607
BRDA:261,73,2,319
BRDA:262,74,0,322
BRDA:262,74,1,322
BRDA:281,75,0,1
BRDA:281,75,1,8812
BRDA:283,76,0,1
BRDA:283,76,1,8811
BRDA:288,77,0,2
BRDA:288,77,1,8809
BRDA:300,78,0,1
BRDA:300,78,1,5
BRDA:313,79,0,1
BRDA:313,79,1,2892
BRDA:319,80,0,18880
BRDA:319,80,1,166208
BRDA:332,81,0,1
BRDA:332,81,1,15
BRDA:336,82,0,1
BRDA:336,82,1,896
BRDA:360,83,0,2
BRDA:360,83,1,3688
BRDA:367,84,0,20201
BRDA:367,84,1,215687
BRDA:403,85,0,2857493
BRDA:403,85,1,186465
BRDA:407,86,0,3107364
BRDA:407,86,1,1606138
BRF:192
BRH:192
end_of_record
TN:
SF:/Users/jinesh/Documents/University/Year III/SFWRENG 3XA3/3XA3-G02-Othello/src/scripts/history.js
FN:9,(anonymous_0)
FN:24,(anonymous_1)
FN:33,(anonymous_2)
FN:43,(anonymous_3)
FN:51,(anonymous_4)
FN:59,(anonymous_5)
FN:67,(anonymous_6)
FN:75,(anonymous_7)
FNF:8
FNH:8
FNDA:10,(anonymous_0)
FNDA:9,(anonymous_1)
FNDA:6,(anonymous_2)
FNDA:1,(anonymous_3)
FNDA:21,(anonymous_4)
FNDA:1,(anonymous_5)
FNDA:1,(anonymous_6)
FNDA:9,(anonymous_7)
DA:11,10
DA:15,9
DA:17,1
DA:25,9
DA:34,6
DA:35,1
DA:37,5
DA:44,1
DA:52,21
DA:60,1
DA:68,1
DA:76,9
LF:12
LH:12
BRDA:11,0,0,9
BRDA:11,0,1,1
BRDA:34,1,0,1
BRDA:34,1,1,5
BRF:4
BRH:4
end_of_record
